2023-05-25 20:54:46.914 [main] INFO  edu.nuist.ExperimentWebApplication - Starting ExperimentWebApplication using Java 1.8.0_311 on DESKTOP-MM7P5T2 with PID 25868 (D:\Projects\ActualProjects\experiment_ai-master\experiment-back\experiment-web\target\classes started by luwen in D:\Projects\ActualProjects\experiment_ai-master\experiment-back)
2023-05-25 20:54:46.917 [main] INFO  edu.nuist.ExperimentWebApplication - The following profiles are active: dao
2023-05-25 20:54:49.327 [main] INFO  o.s.boot.web.embedded.tomcat.TomcatWebServer - Tomcat initialized with port(s): 8089 (http)
2023-05-25 20:54:49.334 [main] INFO  org.apache.coyote.http11.Http11NioProtocol - Initializing ProtocolHandler ["http-nio-8089"]
2023-05-25 20:54:49.335 [main] INFO  org.apache.catalina.core.StandardService - Starting service [Tomcat]
2023-05-25 20:54:49.341 [main] INFO  org.apache.catalina.core.StandardEngine - Starting Servlet engine: [Apache Tomcat/9.0.44]
2023-05-25 20:54:49.342 [main] INFO  org.apache.catalina.core.AprLifecycleListener - Loaded Apache Tomcat Native library [1.2.31] using APR version [1.7.0].
2023-05-25 20:54:49.343 [main] INFO  org.apache.catalina.core.AprLifecycleListener - APR capabilities: IPv6 [true], sendfile [true], accept filters [false], random [true].
2023-05-25 20:54:49.343 [main] INFO  org.apache.catalina.core.AprLifecycleListener - APR/OpenSSL configuration: useAprConnector [false], useOpenSSL [true]
2023-05-25 20:54:49.353 [main] INFO  org.apache.catalina.core.AprLifecycleListener - OpenSSL successfully initialized [OpenSSL 1.1.1l  24 Aug 2021]
2023-05-25 20:54:49.425 [main] INFO  o.a.c.core.ContainerBase.[Tomcat].[localhost].[/] - Initializing Spring embedded WebApplicationContext
2023-05-25 20:54:49.425 [main] INFO  o.s.b.w.s.c.ServletWebServerApplicationContext - Root WebApplicationContext: initialization completed in 2458 ms
2023-05-25 20:54:50.169 [main] INFO  s.d.s.w.PropertySourcedRequestMappingHandlerMapping - Mapped URL path [/v2/api-docs] onto method [springfox.documentation.swagger2.web.Swagger2Controller#getDocumentation(String, HttpServletRequest)]
2023-05-25 20:54:50.237 [main] INFO  o.s.scheduling.concurrent.ThreadPoolTaskExecutor - Initializing ExecutorService 'applicationTaskExecutor'
2023-05-25 20:54:50.419 [main] INFO  org.apache.coyote.http11.Http11NioProtocol - Starting ProtocolHandler ["http-nio-8089"]
2023-05-25 20:54:50.438 [main] INFO  o.s.boot.web.embedded.tomcat.TomcatWebServer - Tomcat started on port(s): 8089 (http) with context path ''
2023-05-25 20:54:50.440 [main] INFO  s.d.s.web.plugins.DocumentationPluginsBootstrapper - Context refreshed
2023-05-25 20:54:50.472 [main] INFO  s.d.s.web.plugins.DocumentationPluginsBootstrapper - Found 1 custom documentation plugin(s)
2023-05-25 20:54:50.524 [main] INFO  s.d.spring.web.scanners.ApiListingReferenceScanner - Scanning for api listing references
2023-05-25 20:54:50.800 [main] INFO  s.d.s.w.r.operation.CachingOperationNameGenerator - Generating unique operation named: getAllLessonsUsingPOST_1
2023-05-25 20:54:50.842 [main] INFO  edu.nuist.ExperimentWebApplication - Started ExperimentWebApplication in 4.357 seconds (JVM running for 5.376)
2023-05-25 20:59:23.950 [SpringContextShutdownHook] INFO  o.s.scheduling.concurrent.ThreadPoolTaskExecutor - Shutting down ExecutorService 'applicationTaskExecutor'
2023-05-25 20:59:29.465 [main] INFO  edu.nuist.ExperimentWebApplication - Starting ExperimentWebApplication using Java 1.8.0_311 on DESKTOP-MM7P5T2 with PID 14148 (D:\Projects\ActualProjects\experiment_ai-master\experiment-back\experiment-web\target\classes started by luwen in D:\Projects\ActualProjects\experiment_ai-master\experiment-back)
2023-05-25 20:59:29.466 [main] INFO  edu.nuist.ExperimentWebApplication - The following profiles are active: dao
2023-05-25 20:59:30.524 [main] INFO  o.s.boot.web.embedded.tomcat.TomcatWebServer - Tomcat initialized with port(s): 8089 (http)
2023-05-25 20:59:30.532 [main] INFO  org.apache.coyote.http11.Http11NioProtocol - Initializing ProtocolHandler ["http-nio-8089"]
2023-05-25 20:59:30.533 [main] INFO  org.apache.catalina.core.StandardService - Starting service [Tomcat]
2023-05-25 20:59:30.533 [main] INFO  org.apache.catalina.core.StandardEngine - Starting Servlet engine: [Apache Tomcat/9.0.44]
2023-05-25 20:59:30.535 [main] INFO  org.apache.catalina.core.AprLifecycleListener - Loaded Apache Tomcat Native library [1.2.31] using APR version [1.7.0].
2023-05-25 20:59:30.535 [main] INFO  org.apache.catalina.core.AprLifecycleListener - APR capabilities: IPv6 [true], sendfile [true], accept filters [false], random [true].
2023-05-25 20:59:30.535 [main] INFO  org.apache.catalina.core.AprLifecycleListener - APR/OpenSSL configuration: useAprConnector [false], useOpenSSL [true]
2023-05-25 20:59:30.537 [main] INFO  org.apache.catalina.core.AprLifecycleListener - OpenSSL successfully initialized [OpenSSL 1.1.1l  24 Aug 2021]
2023-05-25 20:59:30.602 [main] INFO  o.a.c.core.ContainerBase.[Tomcat].[localhost].[/] - Initializing Spring embedded WebApplicationContext
2023-05-25 20:59:30.602 [main] INFO  o.s.b.w.s.c.ServletWebServerApplicationContext - Root WebApplicationContext: initialization completed in 1103 ms
2023-05-25 20:59:31.115 [main] INFO  s.d.s.w.PropertySourcedRequestMappingHandlerMapping - Mapped URL path [/v2/api-docs] onto method [springfox.documentation.swagger2.web.Swagger2Controller#getDocumentation(String, HttpServletRequest)]
2023-05-25 20:59:31.172 [main] INFO  o.s.scheduling.concurrent.ThreadPoolTaskExecutor - Initializing ExecutorService 'applicationTaskExecutor'
2023-05-25 20:59:31.297 [main] INFO  org.apache.coyote.http11.Http11NioProtocol - Starting ProtocolHandler ["http-nio-8089"]
2023-05-25 20:59:31.310 [main] INFO  o.s.boot.web.embedded.tomcat.TomcatWebServer - Tomcat started on port(s): 8089 (http) with context path ''
2023-05-25 20:59:31.310 [main] INFO  s.d.s.web.plugins.DocumentationPluginsBootstrapper - Context refreshed
2023-05-25 20:59:31.322 [main] INFO  s.d.s.web.plugins.DocumentationPluginsBootstrapper - Found 1 custom documentation plugin(s)
2023-05-25 20:59:31.346 [main] INFO  s.d.spring.web.scanners.ApiListingReferenceScanner - Scanning for api listing references
2023-05-25 20:59:31.524 [main] INFO  s.d.s.w.r.operation.CachingOperationNameGenerator - Generating unique operation named: getAllLessonsUsingPOST_1
2023-05-25 20:59:31.558 [main] INFO  edu.nuist.ExperimentWebApplication - Started ExperimentWebApplication in 2.374 seconds (JVM running for 2.922)
2023-05-25 21:00:10.130 [SpringContextShutdownHook] INFO  o.s.scheduling.concurrent.ThreadPoolTaskExecutor - Shutting down ExecutorService 'applicationTaskExecutor'
2023-05-25 21:00:17.861 [main] INFO  edu.nuist.ExperimentWebApplication - Starting ExperimentWebApplication using Java 1.8.0_311 on DESKTOP-MM7P5T2 with PID 11840 (D:\Projects\ActualProjects\experiment_ai-master\experiment-back\experiment-web\target\classes started by luwen in D:\Projects\ActualProjects\experiment_ai-master\experiment-back)
2023-05-25 21:00:17.863 [main] INFO  edu.nuist.ExperimentWebApplication - The following profiles are active: dao
2023-05-25 21:00:18.849 [main] INFO  o.s.boot.web.embedded.tomcat.TomcatWebServer - Tomcat initialized with port(s): 8089 (http)
2023-05-25 21:00:18.856 [main] INFO  org.apache.coyote.http11.Http11NioProtocol - Initializing ProtocolHandler ["http-nio-8089"]
2023-05-25 21:00:18.856 [main] INFO  org.apache.catalina.core.StandardService - Starting service [Tomcat]
2023-05-25 21:00:18.856 [main] INFO  org.apache.catalina.core.StandardEngine - Starting Servlet engine: [Apache Tomcat/9.0.44]
2023-05-25 21:00:18.857 [main] INFO  org.apache.catalina.core.AprLifecycleListener - Loaded Apache Tomcat Native library [1.2.31] using APR version [1.7.0].
2023-05-25 21:00:18.857 [main] INFO  org.apache.catalina.core.AprLifecycleListener - APR capabilities: IPv6 [true], sendfile [true], accept filters [false], random [true].
2023-05-25 21:00:18.857 [main] INFO  org.apache.catalina.core.AprLifecycleListener - APR/OpenSSL configuration: useAprConnector [false], useOpenSSL [true]
2023-05-25 21:00:18.859 [main] INFO  org.apache.catalina.core.AprLifecycleListener - OpenSSL successfully initialized [OpenSSL 1.1.1l  24 Aug 2021]
2023-05-25 21:00:18.922 [main] INFO  o.a.c.core.ContainerBase.[Tomcat].[localhost].[/] - Initializing Spring embedded WebApplicationContext
2023-05-25 21:00:18.922 [main] INFO  o.s.b.w.s.c.ServletWebServerApplicationContext - Root WebApplicationContext: initialization completed in 1021 ms
2023-05-25 21:00:19.441 [main] INFO  s.d.s.w.PropertySourcedRequestMappingHandlerMapping - Mapped URL path [/v2/api-docs] onto method [springfox.documentation.swagger2.web.Swagger2Controller#getDocumentation(String, HttpServletRequest)]
2023-05-25 21:00:19.491 [main] INFO  o.s.scheduling.concurrent.ThreadPoolTaskExecutor - Initializing ExecutorService 'applicationTaskExecutor'
2023-05-25 21:00:19.606 [main] INFO  org.apache.coyote.http11.Http11NioProtocol - Starting ProtocolHandler ["http-nio-8089"]
2023-05-25 21:00:19.617 [main] INFO  o.s.boot.web.embedded.tomcat.TomcatWebServer - Tomcat started on port(s): 8089 (http) with context path ''
2023-05-25 21:00:19.618 [main] INFO  s.d.s.web.plugins.DocumentationPluginsBootstrapper - Context refreshed
2023-05-25 21:00:19.629 [main] INFO  s.d.s.web.plugins.DocumentationPluginsBootstrapper - Found 1 custom documentation plugin(s)
2023-05-25 21:00:19.651 [main] INFO  s.d.spring.web.scanners.ApiListingReferenceScanner - Scanning for api listing references
2023-05-25 21:00:19.832 [main] INFO  s.d.s.w.r.operation.CachingOperationNameGenerator - Generating unique operation named: getAllLessonsUsingPOST_1
2023-05-25 21:00:19.867 [main] INFO  edu.nuist.ExperimentWebApplication - Started ExperimentWebApplication in 2.26 seconds (JVM running for 2.829)
2023-05-25 21:15:47.079 [SpringContextShutdownHook] INFO  o.s.scheduling.concurrent.ThreadPoolTaskExecutor - Shutting down ExecutorService 'applicationTaskExecutor'
2023-05-25 21:15:52.404 [main] INFO  edu.nuist.ExperimentWebApplication - Starting ExperimentWebApplication using Java 1.8.0_311 on DESKTOP-MM7P5T2 with PID 3136 (D:\Projects\ActualProjects\experiment_ai-master\experiment-back\experiment-web\target\classes started by luwen in D:\Projects\ActualProjects\experiment_ai-master\experiment-back)
2023-05-25 21:15:52.405 [main] INFO  edu.nuist.ExperimentWebApplication - The following profiles are active: dao
2023-05-25 21:15:53.281 [main] INFO  o.s.boot.web.embedded.tomcat.TomcatWebServer - Tomcat initialized with port(s): 8089 (http)
2023-05-25 21:15:53.287 [main] INFO  org.apache.coyote.http11.Http11NioProtocol - Initializing ProtocolHandler ["http-nio-8089"]
2023-05-25 21:15:53.288 [main] INFO  org.apache.catalina.core.StandardService - Starting service [Tomcat]
2023-05-25 21:15:53.288 [main] INFO  org.apache.catalina.core.StandardEngine - Starting Servlet engine: [Apache Tomcat/9.0.44]
2023-05-25 21:15:53.289 [main] INFO  org.apache.catalina.core.AprLifecycleListener - Loaded Apache Tomcat Native library [1.2.31] using APR version [1.7.0].
2023-05-25 21:15:53.289 [main] INFO  org.apache.catalina.core.AprLifecycleListener - APR capabilities: IPv6 [true], sendfile [true], accept filters [false], random [true].
2023-05-25 21:15:53.289 [main] INFO  org.apache.catalina.core.AprLifecycleListener - APR/OpenSSL configuration: useAprConnector [false], useOpenSSL [true]
2023-05-25 21:15:53.291 [main] INFO  org.apache.catalina.core.AprLifecycleListener - OpenSSL successfully initialized [OpenSSL 1.1.1l  24 Aug 2021]
2023-05-25 21:15:53.353 [main] INFO  o.a.c.core.ContainerBase.[Tomcat].[localhost].[/] - Initializing Spring embedded WebApplicationContext
2023-05-25 21:15:53.353 [main] INFO  o.s.b.w.s.c.ServletWebServerApplicationContext - Root WebApplicationContext: initialization completed in 914 ms
2023-05-25 21:15:53.889 [main] INFO  s.d.s.w.PropertySourcedRequestMappingHandlerMapping - Mapped URL path [/v2/api-docs] onto method [springfox.documentation.swagger2.web.Swagger2Controller#getDocumentation(String, HttpServletRequest)]
2023-05-25 21:15:53.954 [main] INFO  o.s.scheduling.concurrent.ThreadPoolTaskExecutor - Initializing ExecutorService 'applicationTaskExecutor'
2023-05-25 21:15:54.089 [main] INFO  org.apache.coyote.http11.Http11NioProtocol - Starting ProtocolHandler ["http-nio-8089"]
2023-05-25 21:15:54.102 [main] INFO  o.s.boot.web.embedded.tomcat.TomcatWebServer - Tomcat started on port(s): 8089 (http) with context path ''
2023-05-25 21:15:54.103 [main] INFO  s.d.s.web.plugins.DocumentationPluginsBootstrapper - Context refreshed
2023-05-25 21:15:54.115 [main] INFO  s.d.s.web.plugins.DocumentationPluginsBootstrapper - Found 1 custom documentation plugin(s)
2023-05-25 21:15:54.137 [main] INFO  s.d.spring.web.scanners.ApiListingReferenceScanner - Scanning for api listing references
2023-05-25 21:15:54.323 [main] INFO  s.d.s.w.r.operation.CachingOperationNameGenerator - Generating unique operation named: getAllLessonsUsingPOST_1
2023-05-25 21:15:54.358 [main] INFO  edu.nuist.ExperimentWebApplication - Started ExperimentWebApplication in 2.265 seconds (JVM running for 2.819)
2023-05-25 21:19:30.634 [SpringContextShutdownHook] INFO  o.s.scheduling.concurrent.ThreadPoolTaskExecutor - Shutting down ExecutorService 'applicationTaskExecutor'
2023-05-25 21:19:34.944 [main] INFO  edu.nuist.ExperimentWebApplication - Starting ExperimentWebApplication using Java 1.8.0_311 on DESKTOP-MM7P5T2 with PID 12580 (D:\Projects\ActualProjects\experiment_ai-master\experiment-back\experiment-web\target\classes started by luwen in D:\Projects\ActualProjects\experiment_ai-master\experiment-back)
2023-05-25 21:19:34.947 [main] INFO  edu.nuist.ExperimentWebApplication - The following profiles are active: dao
2023-05-25 21:19:35.870 [main] INFO  o.s.boot.web.embedded.tomcat.TomcatWebServer - Tomcat initialized with port(s): 8089 (http)
2023-05-25 21:19:35.877 [main] INFO  org.apache.coyote.http11.Http11NioProtocol - Initializing ProtocolHandler ["http-nio-8089"]
2023-05-25 21:19:35.877 [main] INFO  org.apache.catalina.core.StandardService - Starting service [Tomcat]
2023-05-25 21:19:35.877 [main] INFO  org.apache.catalina.core.StandardEngine - Starting Servlet engine: [Apache Tomcat/9.0.44]
2023-05-25 21:19:35.878 [main] INFO  org.apache.catalina.core.AprLifecycleListener - Loaded Apache Tomcat Native library [1.2.31] using APR version [1.7.0].
2023-05-25 21:19:35.878 [main] INFO  org.apache.catalina.core.AprLifecycleListener - APR capabilities: IPv6 [true], sendfile [true], accept filters [false], random [true].
2023-05-25 21:19:35.879 [main] INFO  org.apache.catalina.core.AprLifecycleListener - APR/OpenSSL configuration: useAprConnector [false], useOpenSSL [true]
2023-05-25 21:19:35.881 [main] INFO  org.apache.catalina.core.AprLifecycleListener - OpenSSL successfully initialized [OpenSSL 1.1.1l  24 Aug 2021]
2023-05-25 21:19:35.944 [main] INFO  o.a.c.core.ContainerBase.[Tomcat].[localhost].[/] - Initializing Spring embedded WebApplicationContext
2023-05-25 21:19:35.945 [main] INFO  o.s.b.w.s.c.ServletWebServerApplicationContext - Root WebApplicationContext: initialization completed in 946 ms
2023-05-25 21:19:36.488 [main] INFO  s.d.s.w.PropertySourcedRequestMappingHandlerMapping - Mapped URL path [/v2/api-docs] onto method [springfox.documentation.swagger2.web.Swagger2Controller#getDocumentation(String, HttpServletRequest)]
2023-05-25 21:19:36.543 [main] INFO  o.s.scheduling.concurrent.ThreadPoolTaskExecutor - Initializing ExecutorService 'applicationTaskExecutor'
2023-05-25 21:19:36.667 [main] INFO  org.apache.coyote.http11.Http11NioProtocol - Starting ProtocolHandler ["http-nio-8089"]
2023-05-25 21:19:36.680 [main] INFO  o.s.boot.web.embedded.tomcat.TomcatWebServer - Tomcat started on port(s): 8089 (http) with context path ''
2023-05-25 21:19:36.681 [main] INFO  s.d.s.web.plugins.DocumentationPluginsBootstrapper - Context refreshed
2023-05-25 21:19:36.693 [main] INFO  s.d.s.web.plugins.DocumentationPluginsBootstrapper - Found 1 custom documentation plugin(s)
2023-05-25 21:19:36.718 [main] INFO  s.d.spring.web.scanners.ApiListingReferenceScanner - Scanning for api listing references
2023-05-25 21:19:36.901 [main] INFO  s.d.s.w.r.operation.CachingOperationNameGenerator - Generating unique operation named: getAllLessonsUsingPOST_1
2023-05-25 21:19:36.935 [main] INFO  edu.nuist.ExperimentWebApplication - Started ExperimentWebApplication in 2.319 seconds (JVM running for 3.01)
2023-05-25 21:19:51.418 [http-nio-8089-exec-1] INFO  o.a.c.core.ContainerBase.[Tomcat].[localhost].[/] - Initializing Spring DispatcherServlet 'dispatcherServlet'
2023-05-25 21:19:51.419 [http-nio-8089-exec-1] INFO  org.springframework.web.servlet.DispatcherServlet - Initializing Servlet 'dispatcherServlet'
2023-05-25 21:19:51.420 [http-nio-8089-exec-1] INFO  org.springframework.web.servlet.DispatcherServlet - Completed initialization in 1 ms
2023-05-25 21:19:51.460 [http-nio-8089-exec-1] WARN  o.s.w.s.m.support.DefaultHandlerExceptionResolver - Resolved [org.springframework.web.HttpRequestMethodNotSupportedException: Request method 'GET' not supported]
2023-05-25 21:20:11.416 [SpringContextShutdownHook] INFO  o.s.scheduling.concurrent.ThreadPoolTaskExecutor - Shutting down ExecutorService 'applicationTaskExecutor'
2023-05-25 21:20:15.355 [main] INFO  edu.nuist.ExperimentWebApplication - Starting ExperimentWebApplication using Java 1.8.0_311 on DESKTOP-MM7P5T2 with PID 10352 (D:\Projects\ActualProjects\experiment_ai-master\experiment-back\experiment-web\target\classes started by luwen in D:\Projects\ActualProjects\experiment_ai-master\experiment-back)
2023-05-25 21:20:15.357 [main] INFO  edu.nuist.ExperimentWebApplication - The following profiles are active: dao
2023-05-25 21:20:16.206 [main] INFO  o.s.boot.web.embedded.tomcat.TomcatWebServer - Tomcat initialized with port(s): 8089 (http)
2023-05-25 21:20:16.213 [main] INFO  org.apache.coyote.http11.Http11NioProtocol - Initializing ProtocolHandler ["http-nio-8089"]
2023-05-25 21:20:16.213 [main] INFO  org.apache.catalina.core.StandardService - Starting service [Tomcat]
2023-05-25 21:20:16.214 [main] INFO  org.apache.catalina.core.StandardEngine - Starting Servlet engine: [Apache Tomcat/9.0.44]
2023-05-25 21:20:16.215 [main] INFO  org.apache.catalina.core.AprLifecycleListener - Loaded Apache Tomcat Native library [1.2.31] using APR version [1.7.0].
2023-05-25 21:20:16.215 [main] INFO  org.apache.catalina.core.AprLifecycleListener - APR capabilities: IPv6 [true], sendfile [true], accept filters [false], random [true].
2023-05-25 21:20:16.215 [main] INFO  org.apache.catalina.core.AprLifecycleListener - APR/OpenSSL configuration: useAprConnector [false], useOpenSSL [true]
2023-05-25 21:20:16.217 [main] INFO  org.apache.catalina.core.AprLifecycleListener - OpenSSL successfully initialized [OpenSSL 1.1.1l  24 Aug 2021]
2023-05-25 21:20:16.303 [main] INFO  o.a.c.core.ContainerBase.[Tomcat].[localhost].[/] - Initializing Spring embedded WebApplicationContext
2023-05-25 21:20:16.303 [main] INFO  o.s.b.w.s.c.ServletWebServerApplicationContext - Root WebApplicationContext: initialization completed in 912 ms
2023-05-25 21:20:16.811 [main] INFO  s.d.s.w.PropertySourcedRequestMappingHandlerMapping - Mapped URL path [/v2/api-docs] onto method [springfox.documentation.swagger2.web.Swagger2Controller#getDocumentation(String, HttpServletRequest)]
2023-05-25 21:20:16.864 [main] INFO  o.s.scheduling.concurrent.ThreadPoolTaskExecutor - Initializing ExecutorService 'applicationTaskExecutor'
2023-05-25 21:20:16.980 [main] INFO  org.apache.coyote.http11.Http11NioProtocol - Starting ProtocolHandler ["http-nio-8089"]
2023-05-25 21:20:16.992 [main] INFO  o.s.boot.web.embedded.tomcat.TomcatWebServer - Tomcat started on port(s): 8089 (http) with context path ''
2023-05-25 21:20:16.993 [main] INFO  s.d.s.web.plugins.DocumentationPluginsBootstrapper - Context refreshed
2023-05-25 21:20:17.004 [main] INFO  s.d.s.web.plugins.DocumentationPluginsBootstrapper - Found 1 custom documentation plugin(s)
2023-05-25 21:20:17.027 [main] INFO  s.d.spring.web.scanners.ApiListingReferenceScanner - Scanning for api listing references
2023-05-25 21:20:17.209 [main] INFO  s.d.s.w.r.operation.CachingOperationNameGenerator - Generating unique operation named: getAllLessonsUsingPOST_1
2023-05-25 21:20:17.243 [main] INFO  edu.nuist.ExperimentWebApplication - Started ExperimentWebApplication in 2.169 seconds (JVM running for 2.699)
2023-05-25 21:20:26.652 [http-nio-8089-exec-2] INFO  o.a.c.core.ContainerBase.[Tomcat].[localhost].[/] - Initializing Spring DispatcherServlet 'dispatcherServlet'
2023-05-25 21:20:26.652 [http-nio-8089-exec-2] INFO  org.springframework.web.servlet.DispatcherServlet - Initializing Servlet 'dispatcherServlet'
2023-05-25 21:20:26.653 [http-nio-8089-exec-2] INFO  org.springframework.web.servlet.DispatcherServlet - Completed initialization in 1 ms
2023-05-25 21:20:26.734 [http-nio-8089-exec-2] INFO  com.zaxxer.hikari.HikariDataSource - HikariPool-1 - Starting...
2023-05-25 21:20:27.098 [http-nio-8089-exec-2] INFO  com.zaxxer.hikari.HikariDataSource - HikariPool-1 - Start completed.
2023-05-25 21:22:37.199 [SpringContextShutdownHook] INFO  o.s.scheduling.concurrent.ThreadPoolTaskExecutor - Shutting down ExecutorService 'applicationTaskExecutor'
2023-05-25 21:22:37.201 [SpringContextShutdownHook] INFO  com.zaxxer.hikari.HikariDataSource - HikariPool-1 - Shutdown initiated...
2023-05-25 21:22:37.207 [SpringContextShutdownHook] INFO  com.zaxxer.hikari.HikariDataSource - HikariPool-1 - Shutdown completed.
2023-05-25 21:22:41.221 [main] INFO  edu.nuist.ExperimentWebApplication - Starting ExperimentWebApplication using Java 1.8.0_311 on DESKTOP-MM7P5T2 with PID 16476 (D:\Projects\ActualProjects\experiment_ai-master\experiment-back\experiment-web\target\classes started by luwen in D:\Projects\ActualProjects\experiment_ai-master\experiment-back)
2023-05-25 21:22:41.222 [main] INFO  edu.nuist.ExperimentWebApplication - The following profiles are active: dao
2023-05-25 21:22:42.123 [main] INFO  o.s.boot.web.embedded.tomcat.TomcatWebServer - Tomcat initialized with port(s): 8089 (http)
2023-05-25 21:22:42.130 [main] INFO  org.apache.coyote.http11.Http11NioProtocol - Initializing ProtocolHandler ["http-nio-8089"]
2023-05-25 21:22:42.130 [main] INFO  org.apache.catalina.core.StandardService - Starting service [Tomcat]
2023-05-25 21:22:42.130 [main] INFO  org.apache.catalina.core.StandardEngine - Starting Servlet engine: [Apache Tomcat/9.0.44]
2023-05-25 21:22:42.131 [main] INFO  org.apache.catalina.core.AprLifecycleListener - Loaded Apache Tomcat Native library [1.2.31] using APR version [1.7.0].
2023-05-25 21:22:42.131 [main] INFO  org.apache.catalina.core.AprLifecycleListener - APR capabilities: IPv6 [true], sendfile [true], accept filters [false], random [true].
2023-05-25 21:22:42.131 [main] INFO  org.apache.catalina.core.AprLifecycleListener - APR/OpenSSL configuration: useAprConnector [false], useOpenSSL [true]
2023-05-25 21:22:42.134 [main] INFO  org.apache.catalina.core.AprLifecycleListener - OpenSSL successfully initialized [OpenSSL 1.1.1l  24 Aug 2021]
2023-05-25 21:22:42.251 [main] INFO  o.a.c.core.ContainerBase.[Tomcat].[localhost].[/] - Initializing Spring embedded WebApplicationContext
2023-05-25 21:22:42.251 [main] INFO  o.s.b.w.s.c.ServletWebServerApplicationContext - Root WebApplicationContext: initialization completed in 994 ms
2023-05-25 21:22:42.775 [main] INFO  s.d.s.w.PropertySourcedRequestMappingHandlerMapping - Mapped URL path [/v2/api-docs] onto method [springfox.documentation.swagger2.web.Swagger2Controller#getDocumentation(String, HttpServletRequest)]
2023-05-25 21:22:42.827 [main] INFO  o.s.scheduling.concurrent.ThreadPoolTaskExecutor - Initializing ExecutorService 'applicationTaskExecutor'
2023-05-25 21:22:42.943 [main] INFO  org.apache.coyote.http11.Http11NioProtocol - Starting ProtocolHandler ["http-nio-8089"]
2023-05-25 21:22:42.956 [main] INFO  o.s.boot.web.embedded.tomcat.TomcatWebServer - Tomcat started on port(s): 8089 (http) with context path ''
2023-05-25 21:22:42.957 [main] INFO  s.d.s.web.plugins.DocumentationPluginsBootstrapper - Context refreshed
2023-05-25 21:22:42.968 [main] INFO  s.d.s.web.plugins.DocumentationPluginsBootstrapper - Found 1 custom documentation plugin(s)
2023-05-25 21:22:42.992 [main] INFO  s.d.spring.web.scanners.ApiListingReferenceScanner - Scanning for api listing references
2023-05-25 21:22:43.176 [main] INFO  s.d.s.w.r.operation.CachingOperationNameGenerator - Generating unique operation named: getAllLessonsUsingPOST_1
2023-05-25 21:22:43.210 [main] INFO  edu.nuist.ExperimentWebApplication - Started ExperimentWebApplication in 2.267 seconds (JVM running for 2.825)
2023-05-25 21:23:01.892 [http-nio-8089-exec-1] INFO  o.a.c.core.ContainerBase.[Tomcat].[localhost].[/] - Initializing Spring DispatcherServlet 'dispatcherServlet'
2023-05-25 21:23:01.892 [http-nio-8089-exec-1] INFO  org.springframework.web.servlet.DispatcherServlet - Initializing Servlet 'dispatcherServlet'
2023-05-25 21:23:01.893 [http-nio-8089-exec-1] INFO  org.springframework.web.servlet.DispatcherServlet - Completed initialization in 1 ms
2023-05-25 21:23:01.924 [http-nio-8089-exec-1] INFO  com.zaxxer.hikari.HikariDataSource - HikariPool-1 - Starting...
2023-05-25 21:23:02.063 [http-nio-8089-exec-1] INFO  com.zaxxer.hikari.HikariDataSource - HikariPool-1 - Start completed.
2023-05-25 21:24:56.994 [http-nio-8089-exec-7] ERROR edu.nuist.interceptor.JWTInterceptor - token过期
2023-05-25 21:24:56.994 [http-nio-8089-exec-6] ERROR edu.nuist.interceptor.JWTInterceptor - token过期
2023-05-25 21:28:12.589 [SpringContextShutdownHook] INFO  o.s.scheduling.concurrent.ThreadPoolTaskExecutor - Shutting down ExecutorService 'applicationTaskExecutor'
2023-05-25 21:28:12.591 [SpringContextShutdownHook] INFO  com.zaxxer.hikari.HikariDataSource - HikariPool-1 - Shutdown initiated...
2023-05-25 21:28:12.596 [SpringContextShutdownHook] INFO  com.zaxxer.hikari.HikariDataSource - HikariPool-1 - Shutdown completed.
2023-05-25 21:28:16.994 [main] INFO  edu.nuist.ExperimentWebApplication - Starting ExperimentWebApplication using Java 1.8.0_311 on DESKTOP-MM7P5T2 with PID 26204 (D:\Projects\ActualProjects\experiment_ai-master\experiment-back\experiment-web\target\classes started by luwen in D:\Projects\ActualProjects\experiment_ai-master\experiment-back)
2023-05-25 21:28:16.996 [main] INFO  edu.nuist.ExperimentWebApplication - The following profiles are active: dao
2023-05-25 21:28:17.881 [main] INFO  o.s.boot.web.embedded.tomcat.TomcatWebServer - Tomcat initialized with port(s): 8089 (http)
2023-05-25 21:28:17.887 [main] INFO  org.apache.coyote.http11.Http11NioProtocol - Initializing ProtocolHandler ["http-nio-8089"]
2023-05-25 21:28:17.887 [main] INFO  org.apache.catalina.core.StandardService - Starting service [Tomcat]
2023-05-25 21:28:17.887 [main] INFO  org.apache.catalina.core.StandardEngine - Starting Servlet engine: [Apache Tomcat/9.0.44]
2023-05-25 21:28:17.888 [main] INFO  org.apache.catalina.core.AprLifecycleListener - Loaded Apache Tomcat Native library [1.2.31] using APR version [1.7.0].
2023-05-25 21:28:17.889 [main] INFO  org.apache.catalina.core.AprLifecycleListener - APR capabilities: IPv6 [true], sendfile [true], accept filters [false], random [true].
2023-05-25 21:28:17.889 [main] INFO  org.apache.catalina.core.AprLifecycleListener - APR/OpenSSL configuration: useAprConnector [false], useOpenSSL [true]
2023-05-25 21:28:17.891 [main] INFO  org.apache.catalina.core.AprLifecycleListener - OpenSSL successfully initialized [OpenSSL 1.1.1l  24 Aug 2021]
2023-05-25 21:28:17.954 [main] INFO  o.a.c.core.ContainerBase.[Tomcat].[localhost].[/] - Initializing Spring embedded WebApplicationContext
2023-05-25 21:28:17.955 [main] INFO  o.s.b.w.s.c.ServletWebServerApplicationContext - Root WebApplicationContext: initialization completed in 919 ms
2023-05-25 21:28:18.475 [main] INFO  s.d.s.w.PropertySourcedRequestMappingHandlerMapping - Mapped URL path [/v2/api-docs] onto method [springfox.documentation.swagger2.web.Swagger2Controller#getDocumentation(String, HttpServletRequest)]
2023-05-25 21:28:18.533 [main] INFO  o.s.scheduling.concurrent.ThreadPoolTaskExecutor - Initializing ExecutorService 'applicationTaskExecutor'
2023-05-25 21:28:18.653 [main] INFO  org.apache.coyote.http11.Http11NioProtocol - Starting ProtocolHandler ["http-nio-8089"]
2023-05-25 21:28:18.665 [main] INFO  o.s.boot.web.embedded.tomcat.TomcatWebServer - Tomcat started on port(s): 8089 (http) with context path ''
2023-05-25 21:28:18.666 [main] INFO  s.d.s.web.plugins.DocumentationPluginsBootstrapper - Context refreshed
2023-05-25 21:28:18.677 [main] INFO  s.d.s.web.plugins.DocumentationPluginsBootstrapper - Found 1 custom documentation plugin(s)
2023-05-25 21:28:18.705 [main] INFO  s.d.spring.web.scanners.ApiListingReferenceScanner - Scanning for api listing references
2023-05-25 21:28:18.895 [main] INFO  s.d.s.w.r.operation.CachingOperationNameGenerator - Generating unique operation named: getAllLessonsUsingPOST_1
2023-05-25 21:28:18.929 [main] INFO  edu.nuist.ExperimentWebApplication - Started ExperimentWebApplication in 2.285 seconds (JVM running for 2.84)
2023-05-25 21:28:29.980 [http-nio-8089-exec-1] INFO  o.a.c.core.ContainerBase.[Tomcat].[localhost].[/] - Initializing Spring DispatcherServlet 'dispatcherServlet'
2023-05-25 21:28:29.980 [http-nio-8089-exec-1] INFO  org.springframework.web.servlet.DispatcherServlet - Initializing Servlet 'dispatcherServlet'
2023-05-25 21:28:29.982 [http-nio-8089-exec-1] INFO  org.springframework.web.servlet.DispatcherServlet - Completed initialization in 2 ms
2023-05-25 21:28:30.010 [http-nio-8089-exec-1] INFO  com.zaxxer.hikari.HikariDataSource - HikariPool-1 - Starting...
2023-05-25 21:28:30.131 [http-nio-8089-exec-1] INFO  com.zaxxer.hikari.HikariDataSource - HikariPool-1 - Start completed.
2023-05-25 21:29:14.711 [SpringContextShutdownHook] INFO  o.s.scheduling.concurrent.ThreadPoolTaskExecutor - Shutting down ExecutorService 'applicationTaskExecutor'
2023-05-25 21:29:14.714 [SpringContextShutdownHook] INFO  com.zaxxer.hikari.HikariDataSource - HikariPool-1 - Shutdown initiated...
2023-05-25 21:29:14.721 [SpringContextShutdownHook] INFO  com.zaxxer.hikari.HikariDataSource - HikariPool-1 - Shutdown completed.
2023-05-25 21:29:18.552 [main] INFO  edu.nuist.ExperimentWebApplication - Starting ExperimentWebApplication using Java 1.8.0_311 on DESKTOP-MM7P5T2 with PID 14940 (D:\Projects\ActualProjects\experiment_ai-master\experiment-back\experiment-web\target\classes started by luwen in D:\Projects\ActualProjects\experiment_ai-master\experiment-back)
2023-05-25 21:29:18.554 [main] INFO  edu.nuist.ExperimentWebApplication - The following profiles are active: dao
2023-05-25 21:29:19.409 [main] INFO  o.s.boot.web.embedded.tomcat.TomcatWebServer - Tomcat initialized with port(s): 8089 (http)
2023-05-25 21:29:19.416 [main] INFO  org.apache.coyote.http11.Http11NioProtocol - Initializing ProtocolHandler ["http-nio-8089"]
2023-05-25 21:29:19.416 [main] INFO  org.apache.catalina.core.StandardService - Starting service [Tomcat]
2023-05-25 21:29:19.416 [main] INFO  org.apache.catalina.core.StandardEngine - Starting Servlet engine: [Apache Tomcat/9.0.44]
2023-05-25 21:29:19.417 [main] INFO  org.apache.catalina.core.AprLifecycleListener - Loaded Apache Tomcat Native library [1.2.31] using APR version [1.7.0].
2023-05-25 21:29:19.417 [main] INFO  org.apache.catalina.core.AprLifecycleListener - APR capabilities: IPv6 [true], sendfile [true], accept filters [false], random [true].
2023-05-25 21:29:19.417 [main] INFO  org.apache.catalina.core.AprLifecycleListener - APR/OpenSSL configuration: useAprConnector [false], useOpenSSL [true]
2023-05-25 21:29:19.419 [main] INFO  org.apache.catalina.core.AprLifecycleListener - OpenSSL successfully initialized [OpenSSL 1.1.1l  24 Aug 2021]
2023-05-25 21:29:19.483 [main] INFO  o.a.c.core.ContainerBase.[Tomcat].[localhost].[/] - Initializing Spring embedded WebApplicationContext
2023-05-25 21:29:19.483 [main] INFO  o.s.b.w.s.c.ServletWebServerApplicationContext - Root WebApplicationContext: initialization completed in 893 ms
2023-05-25 21:29:20.003 [main] INFO  s.d.s.w.PropertySourcedRequestMappingHandlerMapping - Mapped URL path [/v2/api-docs] onto method [springfox.documentation.swagger2.web.Swagger2Controller#getDocumentation(String, HttpServletRequest)]
2023-05-25 21:29:20.055 [main] INFO  o.s.scheduling.concurrent.ThreadPoolTaskExecutor - Initializing ExecutorService 'applicationTaskExecutor'
2023-05-25 21:29:20.172 [main] INFO  org.apache.coyote.http11.Http11NioProtocol - Starting ProtocolHandler ["http-nio-8089"]
2023-05-25 21:29:20.185 [main] INFO  o.s.boot.web.embedded.tomcat.TomcatWebServer - Tomcat started on port(s): 8089 (http) with context path ''
2023-05-25 21:29:20.186 [main] INFO  s.d.s.web.plugins.DocumentationPluginsBootstrapper - Context refreshed
2023-05-25 21:29:20.197 [main] INFO  s.d.s.web.plugins.DocumentationPluginsBootstrapper - Found 1 custom documentation plugin(s)
2023-05-25 21:29:20.221 [main] INFO  s.d.spring.web.scanners.ApiListingReferenceScanner - Scanning for api listing references
2023-05-25 21:29:20.407 [main] INFO  s.d.s.w.r.operation.CachingOperationNameGenerator - Generating unique operation named: getAllLessonsUsingPOST_1
2023-05-25 21:29:20.442 [main] INFO  edu.nuist.ExperimentWebApplication - Started ExperimentWebApplication in 2.17 seconds (JVM running for 2.708)
2023-05-25 21:29:25.475 [http-nio-8089-exec-4] INFO  o.a.c.core.ContainerBase.[Tomcat].[localhost].[/] - Initializing Spring DispatcherServlet 'dispatcherServlet'
2023-05-25 21:29:25.475 [http-nio-8089-exec-4] INFO  org.springframework.web.servlet.DispatcherServlet - Initializing Servlet 'dispatcherServlet'
2023-05-25 21:29:25.477 [http-nio-8089-exec-4] INFO  org.springframework.web.servlet.DispatcherServlet - Completed initialization in 1 ms
2023-05-25 21:29:25.508 [http-nio-8089-exec-4] INFO  com.zaxxer.hikari.HikariDataSource - HikariPool-1 - Starting...
2023-05-25 21:29:25.630 [http-nio-8089-exec-4] INFO  com.zaxxer.hikari.HikariDataSource - HikariPool-1 - Start completed.
2023-05-25 21:33:02.893 [SpringContextShutdownHook] INFO  o.s.scheduling.concurrent.ThreadPoolTaskExecutor - Shutting down ExecutorService 'applicationTaskExecutor'
2023-05-25 21:33:02.895 [SpringContextShutdownHook] INFO  com.zaxxer.hikari.HikariDataSource - HikariPool-1 - Shutdown initiated...
2023-05-25 21:33:02.901 [SpringContextShutdownHook] INFO  com.zaxxer.hikari.HikariDataSource - HikariPool-1 - Shutdown completed.
2023-05-25 21:33:13.402 [main] INFO  edu.nuist.ExperimentWebApplication - Starting ExperimentWebApplication using Java 1.8.0_311 on DESKTOP-MM7P5T2 with PID 7724 (D:\Projects\ActualProjects\experiment_ai-master\experiment-back\experiment-web\target\classes started by luwen in D:\Projects\ActualProjects\experiment_ai-master\experiment-back)
2023-05-25 21:33:13.404 [main] INFO  edu.nuist.ExperimentWebApplication - The following profiles are active: dao
2023-05-25 21:33:14.248 [main] INFO  o.s.boot.web.embedded.tomcat.TomcatWebServer - Tomcat initialized with port(s): 8089 (http)
2023-05-25 21:33:14.255 [main] INFO  org.apache.coyote.http11.Http11NioProtocol - Initializing ProtocolHandler ["http-nio-8089"]
2023-05-25 21:33:14.255 [main] INFO  org.apache.catalina.core.StandardService - Starting service [Tomcat]
2023-05-25 21:33:14.255 [main] INFO  org.apache.catalina.core.StandardEngine - Starting Servlet engine: [Apache Tomcat/9.0.44]
2023-05-25 21:33:14.256 [main] INFO  org.apache.catalina.core.AprLifecycleListener - Loaded Apache Tomcat Native library [1.2.31] using APR version [1.7.0].
2023-05-25 21:33:14.256 [main] INFO  org.apache.catalina.core.AprLifecycleListener - APR capabilities: IPv6 [true], sendfile [true], accept filters [false], random [true].
2023-05-25 21:33:14.256 [main] INFO  org.apache.catalina.core.AprLifecycleListener - APR/OpenSSL configuration: useAprConnector [false], useOpenSSL [true]
2023-05-25 21:33:14.258 [main] INFO  org.apache.catalina.core.AprLifecycleListener - OpenSSL successfully initialized [OpenSSL 1.1.1l  24 Aug 2021]
2023-05-25 21:33:14.319 [main] INFO  o.a.c.core.ContainerBase.[Tomcat].[localhost].[/] - Initializing Spring embedded WebApplicationContext
2023-05-25 21:33:14.319 [main] INFO  o.s.b.w.s.c.ServletWebServerApplicationContext - Root WebApplicationContext: initialization completed in 882 ms
2023-05-25 21:33:14.831 [main] INFO  s.d.s.w.PropertySourcedRequestMappingHandlerMapping - Mapped URL path [/v2/api-docs] onto method [springfox.documentation.swagger2.web.Swagger2Controller#getDocumentation(String, HttpServletRequest)]
2023-05-25 21:33:14.884 [main] INFO  o.s.scheduling.concurrent.ThreadPoolTaskExecutor - Initializing ExecutorService 'applicationTaskExecutor'
2023-05-25 21:33:15.001 [main] INFO  org.apache.coyote.http11.Http11NioProtocol - Starting ProtocolHandler ["http-nio-8089"]
2023-05-25 21:33:15.013 [main] INFO  o.s.boot.web.embedded.tomcat.TomcatWebServer - Tomcat started on port(s): 8089 (http) with context path ''
2023-05-25 21:33:15.014 [main] INFO  s.d.s.web.plugins.DocumentationPluginsBootstrapper - Context refreshed
2023-05-25 21:33:15.025 [main] INFO  s.d.s.web.plugins.DocumentationPluginsBootstrapper - Found 1 custom documentation plugin(s)
2023-05-25 21:33:15.051 [main] INFO  s.d.spring.web.scanners.ApiListingReferenceScanner - Scanning for api listing references
2023-05-25 21:33:15.233 [main] INFO  s.d.s.w.r.operation.CachingOperationNameGenerator - Generating unique operation named: getAllLessonsUsingPOST_1
2023-05-25 21:33:15.267 [main] INFO  edu.nuist.ExperimentWebApplication - Started ExperimentWebApplication in 2.147 seconds (JVM running for 2.702)
2023-05-25 21:33:35.391 [http-nio-8089-exec-2] INFO  o.a.c.core.ContainerBase.[Tomcat].[localhost].[/] - Initializing Spring DispatcherServlet 'dispatcherServlet'
2023-05-25 21:33:35.391 [http-nio-8089-exec-2] INFO  org.springframework.web.servlet.DispatcherServlet - Initializing Servlet 'dispatcherServlet'
2023-05-25 21:33:35.392 [http-nio-8089-exec-2] INFO  org.springframework.web.servlet.DispatcherServlet - Completed initialization in 1 ms
2023-05-25 21:33:35.425 [http-nio-8089-exec-2] INFO  com.zaxxer.hikari.HikariDataSource - HikariPool-1 - Starting...
2023-05-25 21:33:35.555 [http-nio-8089-exec-2] INFO  com.zaxxer.hikari.HikariDataSource - HikariPool-1 - Start completed.
2023-05-25 21:36:41.483 [SpringContextShutdownHook] INFO  o.s.scheduling.concurrent.ThreadPoolTaskExecutor - Shutting down ExecutorService 'applicationTaskExecutor'
2023-05-25 21:36:41.485 [SpringContextShutdownHook] INFO  com.zaxxer.hikari.HikariDataSource - HikariPool-1 - Shutdown initiated...
2023-05-25 21:36:41.490 [SpringContextShutdownHook] INFO  com.zaxxer.hikari.HikariDataSource - HikariPool-1 - Shutdown completed.
2023-05-25 21:36:45.235 [main] INFO  edu.nuist.ExperimentWebApplication - Starting ExperimentWebApplication using Java 1.8.0_311 on DESKTOP-MM7P5T2 with PID 15660 (D:\Projects\ActualProjects\experiment_ai-master\experiment-back\experiment-web\target\classes started by luwen in D:\Projects\ActualProjects\experiment_ai-master\experiment-back)
2023-05-25 21:36:45.238 [main] INFO  edu.nuist.ExperimentWebApplication - The following profiles are active: dao
2023-05-25 21:36:46.106 [main] INFO  o.s.boot.web.embedded.tomcat.TomcatWebServer - Tomcat initialized with port(s): 8089 (http)
2023-05-25 21:36:46.114 [main] INFO  org.apache.coyote.http11.Http11NioProtocol - Initializing ProtocolHandler ["http-nio-8089"]
2023-05-25 21:36:46.115 [main] INFO  org.apache.catalina.core.StandardService - Starting service [Tomcat]
2023-05-25 21:36:46.115 [main] INFO  org.apache.catalina.core.StandardEngine - Starting Servlet engine: [Apache Tomcat/9.0.44]
2023-05-25 21:36:46.116 [main] INFO  org.apache.catalina.core.AprLifecycleListener - Loaded Apache Tomcat Native library [1.2.31] using APR version [1.7.0].
2023-05-25 21:36:46.116 [main] INFO  org.apache.catalina.core.AprLifecycleListener - APR capabilities: IPv6 [true], sendfile [true], accept filters [false], random [true].
2023-05-25 21:36:46.116 [main] INFO  org.apache.catalina.core.AprLifecycleListener - APR/OpenSSL configuration: useAprConnector [false], useOpenSSL [true]
2023-05-25 21:36:46.118 [main] INFO  org.apache.catalina.core.AprLifecycleListener - OpenSSL successfully initialized [OpenSSL 1.1.1l  24 Aug 2021]
2023-05-25 21:36:46.185 [main] INFO  o.a.c.core.ContainerBase.[Tomcat].[localhost].[/] - Initializing Spring embedded WebApplicationContext
2023-05-25 21:36:46.186 [main] INFO  o.s.b.w.s.c.ServletWebServerApplicationContext - Root WebApplicationContext: initialization completed in 913 ms
2023-05-25 21:36:46.711 [main] INFO  s.d.s.w.PropertySourcedRequestMappingHandlerMapping - Mapped URL path [/v2/api-docs] onto method [springfox.documentation.swagger2.web.Swagger2Controller#getDocumentation(String, HttpServletRequest)]
2023-05-25 21:36:46.765 [main] INFO  o.s.scheduling.concurrent.ThreadPoolTaskExecutor - Initializing ExecutorService 'applicationTaskExecutor'
2023-05-25 21:36:46.896 [main] INFO  org.apache.coyote.http11.Http11NioProtocol - Starting ProtocolHandler ["http-nio-8089"]
2023-05-25 21:36:46.909 [main] INFO  o.s.boot.web.embedded.tomcat.TomcatWebServer - Tomcat started on port(s): 8089 (http) with context path ''
2023-05-25 21:36:46.910 [main] INFO  s.d.s.web.plugins.DocumentationPluginsBootstrapper - Context refreshed
2023-05-25 21:36:46.923 [main] INFO  s.d.s.web.plugins.DocumentationPluginsBootstrapper - Found 1 custom documentation plugin(s)
2023-05-25 21:36:46.950 [main] INFO  s.d.spring.web.scanners.ApiListingReferenceScanner - Scanning for api listing references
2023-05-25 21:36:47.138 [main] INFO  s.d.s.w.r.operation.CachingOperationNameGenerator - Generating unique operation named: getAllLessonsUsingPOST_1
2023-05-25 21:36:47.173 [main] INFO  edu.nuist.ExperimentWebApplication - Started ExperimentWebApplication in 2.221 seconds (JVM running for 2.753)
2023-05-25 21:37:08.368 [http-nio-8089-exec-2] INFO  o.a.c.core.ContainerBase.[Tomcat].[localhost].[/] - Initializing Spring DispatcherServlet 'dispatcherServlet'
2023-05-25 21:37:08.368 [http-nio-8089-exec-2] INFO  org.springframework.web.servlet.DispatcherServlet - Initializing Servlet 'dispatcherServlet'
2023-05-25 21:37:08.369 [http-nio-8089-exec-2] INFO  org.springframework.web.servlet.DispatcherServlet - Completed initialization in 1 ms
2023-05-25 21:37:08.397 [http-nio-8089-exec-2] ERROR edu.nuist.interceptor.JWTInterceptor - token无效
2023-05-25 21:37:08.600 [http-nio-8089-exec-3] INFO  com.zaxxer.hikari.HikariDataSource - HikariPool-1 - Starting...
2023-05-25 21:37:08.688 [http-nio-8089-exec-3] INFO  com.zaxxer.hikari.HikariDataSource - HikariPool-1 - Start completed.
2023-05-25 21:44:00.332 [http-nio-8089-exec-3] WARN  o.s.w.s.m.support.DefaultHandlerExceptionResolver - Resolved [org.springframework.web.bind.MissingServletRequestParameterException: Required Integer parameter 'clazzId' is not present]
2023-05-25 21:44:05.351 [http-nio-8089-exec-4] WARN  o.s.w.s.m.support.DefaultHandlerExceptionResolver - Resolved [org.springframework.web.bind.MissingServletRequestParameterException: Required Integer parameter 'clazzId' is not present]
2023-05-25 21:44:13.878 [http-nio-8089-exec-5] WARN  o.s.w.s.m.support.DefaultHandlerExceptionResolver - Resolved [org.springframework.web.bind.MissingServletRequestParameterException: Required Integer parameter 'clazzId' is not present]
2023-05-25 21:58:28.797 [SpringContextShutdownHook] INFO  o.s.scheduling.concurrent.ThreadPoolTaskExecutor - Shutting down ExecutorService 'applicationTaskExecutor'
2023-05-25 21:58:28.799 [SpringContextShutdownHook] INFO  com.zaxxer.hikari.HikariDataSource - HikariPool-1 - Shutdown initiated...
2023-05-25 21:58:28.805 [SpringContextShutdownHook] INFO  com.zaxxer.hikari.HikariDataSource - HikariPool-1 - Shutdown completed.
