2023-05-14 13:37:54.369 [main] INFO  edu.nuist.ExperimentWebApplication - Starting ExperimentWebApplication using Java 1.8.0_311 on DESKTOP-MM7P5T2 with PID 15156 (D:\Projects\ActualProjects\experiment_ai-master\experiment-back\experiment-web\target\classes started by luwen in D:\Projects\ActualProjects\experiment_ai-master\experiment-back)
2023-05-14 13:37:54.371 [main] INFO  edu.nuist.ExperimentWebApplication - The following profiles are active: dao
2023-05-14 13:37:56.892 [main] INFO  o.s.boot.web.embedded.tomcat.TomcatWebServer - Tomcat initialized with port(s): 8089 (http)
2023-05-14 13:37:56.899 [main] INFO  org.apache.coyote.http11.Http11NioProtocol - Initializing ProtocolHandler ["http-nio-8089"]
2023-05-14 13:37:56.900 [main] INFO  org.apache.catalina.core.StandardService - Starting service [Tomcat]
2023-05-14 13:37:56.900 [main] INFO  org.apache.catalina.core.StandardEngine - Starting Servlet engine: [Apache Tomcat/9.0.44]
2023-05-14 13:37:56.901 [main] INFO  org.apache.catalina.core.AprLifecycleListener - Loaded Apache Tomcat Native library [1.2.31] using APR version [1.7.0].
2023-05-14 13:37:56.901 [main] INFO  org.apache.catalina.core.AprLifecycleListener - APR capabilities: IPv6 [true], sendfile [true], accept filters [false], random [true].
2023-05-14 13:37:56.901 [main] INFO  org.apache.catalina.core.AprLifecycleListener - APR/OpenSSL configuration: useAprConnector [false], useOpenSSL [true]
2023-05-14 13:37:56.912 [main] INFO  org.apache.catalina.core.AprLifecycleListener - OpenSSL successfully initialized [OpenSSL 1.1.1l  24 Aug 2021]
2023-05-14 13:37:56.987 [main] INFO  o.a.c.core.ContainerBase.[Tomcat].[localhost].[/] - Initializing Spring embedded WebApplicationContext
2023-05-14 13:37:56.987 [main] INFO  o.s.b.w.s.c.ServletWebServerApplicationContext - Root WebApplicationContext: initialization completed in 2557 ms
2023-05-14 13:37:57.623 [main] INFO  s.d.s.w.PropertySourcedRequestMappingHandlerMapping - Mapped URL path [/v2/api-docs] onto method [springfox.documentation.swagger2.web.Swagger2Controller#getDocumentation(String, HttpServletRequest)]
2023-05-14 13:37:57.678 [main] INFO  o.s.scheduling.concurrent.ThreadPoolTaskExecutor - Initializing ExecutorService 'applicationTaskExecutor'
2023-05-14 13:37:57.819 [main] INFO  org.apache.coyote.http11.Http11NioProtocol - Starting ProtocolHandler ["http-nio-8089"]
2023-05-14 13:37:57.832 [main] INFO  o.s.boot.web.embedded.tomcat.TomcatWebServer - Tomcat started on port(s): 8089 (http) with context path ''
2023-05-14 13:37:57.833 [main] INFO  s.d.s.web.plugins.DocumentationPluginsBootstrapper - Context refreshed
2023-05-14 13:37:57.852 [main] INFO  s.d.s.web.plugins.DocumentationPluginsBootstrapper - Found 1 custom documentation plugin(s)
2023-05-14 13:37:57.881 [main] INFO  s.d.spring.web.scanners.ApiListingReferenceScanner - Scanning for api listing references
2023-05-14 13:37:57.884 [http-nio-8089-exec-5] INFO  o.a.c.core.ContainerBase.[Tomcat].[localhost].[/] - Initializing Spring DispatcherServlet 'dispatcherServlet'
2023-05-14 13:37:57.884 [http-nio-8089-exec-5] INFO  org.springframework.web.servlet.DispatcherServlet - Initializing Servlet 'dispatcherServlet'
2023-05-14 13:37:57.885 [http-nio-8089-exec-5] INFO  org.springframework.web.servlet.DispatcherServlet - Completed initialization in 1 ms
2023-05-14 13:37:58.088 [main] INFO  s.d.s.w.r.operation.CachingOperationNameGenerator - Generating unique operation named: getAllLessonsUsingPOST_1
2023-05-14 13:37:58.105 [http-nio-8089-exec-4] ERROR edu.nuist.interceptor.JWTInterceptor - token过期
2023-05-14 13:37:58.104 [http-nio-8089-exec-3] ERROR edu.nuist.interceptor.JWTInterceptor - token过期
2023-05-14 13:37:58.128 [main] INFO  edu.nuist.ExperimentWebApplication - Started ExperimentWebApplication in 4.139 seconds (JVM running for 5.268)
2023-05-14 13:38:06.577 [http-nio-8089-exec-6] INFO  com.zaxxer.hikari.HikariDataSource - HikariPool-1 - Starting...
2023-05-14 13:38:06.917 [http-nio-8089-exec-6] INFO  com.zaxxer.hikari.HikariDataSource - HikariPool-1 - Start completed.
2023-05-14 13:40:14.822 [http-nio-8089-exec-2] INFO  edu.nuist.listener.StudentExcelListener - student: Student(id=10, username=xiaohong, password=4bc346a259ed79cf8c6f223ac39bdf22, name=小红, sex=女, birthday=2023-05-05, workPlace=北京/气象谷, job=打杂滴, major=计算机科学, qualification=硕士, phone=18865437393, createTime=null)
2023-05-14 13:40:14.823 [http-nio-8089-exec-2] INFO  edu.nuist.listener.StudentExcelListener - student: Student(id=11, username=xiaohong, password=4bc346a259ed79cf8c6f223ac39bdf22, name=小红, sex=女, birthday=2023-05-05, workPlace=北京/气象谷, job=打杂滴, major=计算机科学, qualification=硕士, phone=18865437393, createTime=null)
2023-05-14 13:40:14.823 [http-nio-8089-exec-2] INFO  edu.nuist.listener.StudentExcelListener - student: Student(id=12, username=xiaohong, password=4bc346a259ed79cf8c6f223ac39bdf22, name=小红, sex=女, birthday=2023-05-05, workPlace=北京/气象谷, job=打杂滴, major=计算机科学, qualification=硕士, phone=18865437393, createTime=null)
2023-05-14 13:40:14.823 [http-nio-8089-exec-2] INFO  edu.nuist.listener.StudentExcelListener - student: Student(id=13, username=xiaohong, password=4bc346a259ed79cf8c6f223ac39bdf22, name=小红, sex=女, birthday=2023-05-05, workPlace=北京/气象谷, job=打杂滴, major=计算机科学, qualification=硕士, phone=18865437393, createTime=null)
2023-05-14 13:40:14.824 [http-nio-8089-exec-2] INFO  edu.nuist.listener.StudentExcelListener - student: Student(id=14, username=xiaohong, password=4bc346a259ed79cf8c6f223ac39bdf22, name=小红, sex=女, birthday=2023-05-05, workPlace=北京/气象谷, job=打杂滴, major=计算机科学, qualification=硕士, phone=18865437393, createTime=null)
2023-05-14 13:40:14.824 [http-nio-8089-exec-2] INFO  edu.nuist.listener.StudentExcelListener - student: Student(id=15, username=xiaohong, password=4bc346a259ed79cf8c6f223ac39bdf22, name=小红, sex=女, birthday=2023-05-05, workPlace=北京/气象谷, job=打杂滴, major=计算机科学, qualification=硕士, phone=18865437393, createTime=null)
2023-05-14 13:40:14.825 [http-nio-8089-exec-2] INFO  edu.nuist.listener.StudentExcelListener - student: Student(id=16, username=xiaohong, password=4bc346a259ed79cf8c6f223ac39bdf22, name=小红, sex=女, birthday=2023-05-05, workPlace=北京/气象谷, job=打杂滴, major=计算机科学, qualification=硕士, phone=18865437393, createTime=null)
2023-05-14 13:40:14.825 [http-nio-8089-exec-2] INFO  edu.nuist.listener.StudentExcelListener - student: Student(id=17, username=xiaohong, password=4bc346a259ed79cf8c6f223ac39bdf22, name=小红, sex=女, birthday=2023-05-05, workPlace=北京/气象谷, job=打杂滴, major=计算机科学, qualification=硕士, phone=18865437393, createTime=null)
2023-05-14 13:40:14.825 [http-nio-8089-exec-2] INFO  edu.nuist.listener.StudentExcelListener - student: Student(id=18, username=xiaohong, password=4bc346a259ed79cf8c6f223ac39bdf22, name=小红, sex=女, birthday=2023-05-05, workPlace=北京/气象谷, job=打杂滴, major=计算机科学, qualification=硕士, phone=18865437393, createTime=null)
2023-05-14 13:40:14.826 [http-nio-8089-exec-2] INFO  edu.nuist.listener.StudentExcelListener - student: Student(id=19, username=xiaohong, password=4bc346a259ed79cf8c6f223ac39bdf22, name=小红, sex=女, birthday=2023-05-05, workPlace=北京/气象谷, job=打杂滴, major=计算机科学, qualification=硕士, phone=18865437393, createTime=null)
2023-05-14 13:40:14.899 [http-nio-8089-exec-2] INFO  edu.nuist.listener.StudentExcelListener - student: Student(id=20, username=xiaohong, password=4bc346a259ed79cf8c6f223ac39bdf22, name=小红, sex=女, birthday=2023-05-05, workPlace=北京/气象谷, job=打杂滴, major=计算机科学, qualification=硕士, phone=18865437393, createTime=null)
2023-05-14 13:40:14.900 [http-nio-8089-exec-2] INFO  edu.nuist.listener.StudentExcelListener - student: Student(id=21, username=xiaohong, password=4bc346a259ed79cf8c6f223ac39bdf22, name=小红, sex=女, birthday=2023-05-05, workPlace=北京/气象谷, job=打杂滴, major=计算机科学, qualification=硕士, phone=18865437393, createTime=null)
2023-05-14 13:40:14.900 [http-nio-8089-exec-2] INFO  edu.nuist.listener.StudentExcelListener - student: Student(id=22, username=xiaohong, password=4bc346a259ed79cf8c6f223ac39bdf22, name=小红, sex=女, birthday=2023-05-05, workPlace=北京/气象谷, job=打杂滴, major=计算机科学, qualification=硕士, phone=18865437393, createTime=null)
2023-05-14 13:40:14.900 [http-nio-8089-exec-2] INFO  edu.nuist.listener.StudentExcelListener - student: Student(id=23, username=xiaohong, password=4bc346a259ed79cf8c6f223ac39bdf22, name=小红, sex=女, birthday=2023-05-05, workPlace=北京/气象谷, job=打杂滴, major=计算机科学, qualification=硕士, phone=18865437393, createTime=null)
2023-05-14 13:40:14.901 [http-nio-8089-exec-2] INFO  edu.nuist.listener.StudentExcelListener - student: Student(id=24, username=xiaohong, password=4bc346a259ed79cf8c6f223ac39bdf22, name=小红, sex=女, birthday=2023-05-05, workPlace=北京/气象谷, job=打杂滴, major=计算机科学, qualification=硕士, phone=18865437393, createTime=null)
2023-05-14 13:40:14.901 [http-nio-8089-exec-2] INFO  edu.nuist.listener.StudentExcelListener - student: Student(id=25, username=xiaohong, password=4bc346a259ed79cf8c6f223ac39bdf22, name=小红, sex=女, birthday=2023-05-05, workPlace=北京/气象谷, job=打杂滴, major=计算机科学, qualification=硕士, phone=18865437393, createTime=null)
2023-05-14 13:40:14.901 [http-nio-8089-exec-2] INFO  edu.nuist.listener.StudentExcelListener - student: Student(id=26, username=xiaohong, password=4bc346a259ed79cf8c6f223ac39bdf22, name=小红, sex=女, birthday=2023-05-05, workPlace=北京/气象谷, job=打杂滴, major=计算机科学, qualification=硕士, phone=18865437393, createTime=null)
2023-05-14 13:40:14.902 [http-nio-8089-exec-2] INFO  edu.nuist.listener.StudentExcelListener - student: Student(id=27, username=xiaohong, password=4bc346a259ed79cf8c6f223ac39bdf22, name=小红, sex=女, birthday=2023-05-05, workPlace=北京/气象谷, job=打杂滴, major=计算机科学, qualification=硕士, phone=18865437393, createTime=null)
2023-05-14 13:40:14.902 [http-nio-8089-exec-2] INFO  edu.nuist.listener.StudentExcelListener - student: Student(id=28, username=xiaohong, password=4bc346a259ed79cf8c6f223ac39bdf22, name=小红, sex=女, birthday=2023-05-05, workPlace=北京/气象谷, job=打杂滴, major=计算机科学, qualification=硕士, phone=18865437393, createTime=null)
2023-05-14 13:40:14.902 [http-nio-8089-exec-2] INFO  edu.nuist.listener.StudentExcelListener - student: Student(id=29, username=xiaohong, password=4bc346a259ed79cf8c6f223ac39bdf22, name=小红, sex=女, birthday=2023-05-05, workPlace=北京/气象谷, job=打杂滴, major=计算机科学, qualification=硕士, phone=18865437393, createTime=null)
2023-05-14 13:40:14.982 [http-nio-8089-exec-2] INFO  edu.nuist.listener.StudentExcelListener - 所有数据解析完成！
2023-05-14 14:11:38.527 [SpringContextShutdownHook] INFO  o.s.scheduling.concurrent.ThreadPoolTaskExecutor - Shutting down ExecutorService 'applicationTaskExecutor'
2023-05-14 14:11:38.540 [SpringContextShutdownHook] INFO  com.zaxxer.hikari.HikariDataSource - HikariPool-1 - Shutdown initiated...
2023-05-14 14:11:38.543 [SpringContextShutdownHook] INFO  com.zaxxer.hikari.HikariDataSource - HikariPool-1 - Shutdown completed.
