2023-05-10 17:05:18.703 [main] INFO  edu.nuist.ExperimentWebApplication - Starting ExperimentWebApplication using Java 1.8.0_311 on DESKTOP-MM7P5T2 with PID 2692 (D:\Projects\ActualProjects\experiment_ai-master\experiment-back\experiment-web\target\classes started by luwen in D:\Projects\ActualProjects\experiment_ai-master\experiment-back)
2023-05-10 17:05:18.705 [main] INFO  edu.nuist.ExperimentWebApplication - The following profiles are active: dao
2023-05-10 17:05:21.091 [main] INFO  o.s.boot.web.embedded.tomcat.TomcatWebServer - Tomcat initialized with port(s): 8089 (http)
2023-05-10 17:05:21.099 [main] INFO  org.apache.coyote.http11.Http11NioProtocol - Initializing ProtocolHandler ["http-nio-8089"]
2023-05-10 17:05:21.099 [main] INFO  org.apache.catalina.core.StandardService - Starting service [Tomcat]
2023-05-10 17:05:21.100 [main] INFO  org.apache.catalina.core.StandardEngine - Starting Servlet engine: [Apache Tomcat/9.0.44]
2023-05-10 17:05:21.101 [main] INFO  org.apache.catalina.core.AprLifecycleListener - Loaded Apache Tomcat Native library [1.2.31] using APR version [1.7.0].
2023-05-10 17:05:21.101 [main] INFO  org.apache.catalina.core.AprLifecycleListener - APR capabilities: IPv6 [true], sendfile [true], accept filters [false], random [true].
2023-05-10 17:05:21.101 [main] INFO  org.apache.catalina.core.AprLifecycleListener - APR/OpenSSL configuration: useAprConnector [false], useOpenSSL [true]
2023-05-10 17:05:21.108 [main] INFO  org.apache.catalina.core.AprLifecycleListener - OpenSSL successfully initialized [OpenSSL 1.1.1l  24 Aug 2021]
2023-05-10 17:05:21.193 [main] INFO  o.a.c.core.ContainerBase.[Tomcat].[localhost].[/] - Initializing Spring embedded WebApplicationContext
2023-05-10 17:05:21.193 [main] INFO  o.s.b.w.s.c.ServletWebServerApplicationContext - Root WebApplicationContext: initialization completed in 2440 ms
2023-05-10 17:05:21.840 [main] INFO  s.d.s.w.PropertySourcedRequestMappingHandlerMapping - Mapped URL path [/v2/api-docs] onto method [springfox.documentation.swagger2.web.Swagger2Controller#getDocumentation(String, HttpServletRequest)]
2023-05-10 17:05:21.894 [main] INFO  o.s.scheduling.concurrent.ThreadPoolTaskExecutor - Initializing ExecutorService 'applicationTaskExecutor'
2023-05-10 17:05:22.033 [main] INFO  org.apache.coyote.http11.Http11NioProtocol - Starting ProtocolHandler ["http-nio-8089"]
2023-05-10 17:05:22.051 [main] INFO  o.s.boot.web.embedded.tomcat.TomcatWebServer - Tomcat started on port(s): 8089 (http) with context path ''
2023-05-10 17:05:22.052 [main] INFO  s.d.s.web.plugins.DocumentationPluginsBootstrapper - Context refreshed
2023-05-10 17:05:22.074 [main] INFO  s.d.s.web.plugins.DocumentationPluginsBootstrapper - Found 1 custom documentation plugin(s)
2023-05-10 17:05:22.098 [main] INFO  s.d.spring.web.scanners.ApiListingReferenceScanner - Scanning for api listing references
2023-05-10 17:05:22.307 [main] INFO  s.d.s.w.r.operation.CachingOperationNameGenerator - Generating unique operation named: getAllLessonsUsingPOST_1
2023-05-10 17:05:22.361 [main] INFO  edu.nuist.ExperimentWebApplication - Started ExperimentWebApplication in 4.01 seconds (JVM running for 7.787)
2023-05-10 17:10:26.519 [SpringContextShutdownHook] INFO  o.s.scheduling.concurrent.ThreadPoolTaskExecutor - Shutting down ExecutorService 'applicationTaskExecutor'
