2023-04-25 14:51:16.969 [main] INFO  edu.nuist.ExperimentWebApplication - Starting ExperimentWebApplication using Java 1.8.0_311 on DESKTOP-MM7P5T2 with PID 9176 (D:\Projects\ActualProjects\experiment_ai-master\experiment-back\experiment-web\target\classes started by luwen in D:\Projects\ActualProjects\experiment_ai-master\experiment-back)
2023-04-25 14:51:16.972 [main] INFO  edu.nuist.ExperimentWebApplication - The following profiles are active: dao
2023-04-25 14:51:27.455 [main] INFO  o.s.boot.web.embedded.tomcat.TomcatWebServer - Tomcat initialized with port(s): 8089 (http)
2023-04-25 14:51:27.555 [main] INFO  org.apache.coyote.http11.Http11NioProtocol - Initializing ProtocolHandler ["http-nio-8089"]
2023-04-25 14:51:27.555 [main] INFO  org.apache.catalina.core.StandardService - Starting service [Tomcat]
2023-04-25 14:51:27.572 [main] INFO  org.apache.catalina.core.StandardEngine - Starting Servlet engine: [Apache Tomcat/9.0.44]
2023-04-25 14:51:27.573 [main] INFO  org.apache.catalina.core.AprLifecycleListener - Loaded Apache Tomcat Native library [1.2.31] using APR version [1.7.0].
2023-04-25 14:51:27.573 [main] INFO  org.apache.catalina.core.AprLifecycleListener - APR capabilities: IPv6 [true], sendfile [true], accept filters [false], random [true].
2023-04-25 14:51:27.573 [main] INFO  org.apache.catalina.core.AprLifecycleListener - APR/OpenSSL configuration: useAprConnector [false], useOpenSSL [true]
2023-04-25 14:51:28.027 [main] INFO  org.apache.catalina.core.AprLifecycleListener - OpenSSL successfully initialized [OpenSSL 1.1.1l  24 Aug 2021]
2023-04-25 14:51:28.209 [main] INFO  o.a.c.core.ContainerBase.[Tomcat].[localhost].[/] - Initializing Spring embedded WebApplicationContext
2023-04-25 14:51:28.209 [main] INFO  o.s.b.w.s.c.ServletWebServerApplicationContext - Root WebApplicationContext: initialization completed in 10972 ms
2023-04-25 14:51:29.603 [main] INFO  s.d.s.w.PropertySourcedRequestMappingHandlerMapping - Mapped URL path [/v2/api-docs] onto method [springfox.documentation.swagger2.web.Swagger2Controller#getDocumentation(String, HttpServletRequest)]
2023-04-25 14:51:29.689 [main] INFO  o.s.scheduling.concurrent.ThreadPoolTaskExecutor - Initializing ExecutorService 'applicationTaskExecutor'
2023-04-25 14:51:30.733 [main] INFO  org.apache.coyote.http11.Http11NioProtocol - Starting ProtocolHandler ["http-nio-8089"]
2023-04-25 14:51:30.790 [main] INFO  o.s.boot.web.embedded.tomcat.TomcatWebServer - Tomcat started on port(s): 8089 (http) with context path ''
2023-04-25 14:51:30.791 [main] INFO  s.d.s.web.plugins.DocumentationPluginsBootstrapper - Context refreshed
2023-04-25 14:51:30.890 [main] INFO  s.d.s.web.plugins.DocumentationPluginsBootstrapper - Found 1 custom documentation plugin(s)
2023-04-25 14:51:31.019 [main] INFO  s.d.spring.web.scanners.ApiListingReferenceScanner - Scanning for api listing references
2023-04-25 14:51:31.668 [main] INFO  s.d.s.w.r.operation.CachingOperationNameGenerator - Generating unique operation named: addStudentUsingPOST_1
2023-04-25 14:51:31.680 [main] INFO  s.d.s.w.r.operation.CachingOperationNameGenerator - Generating unique operation named: getAllLessonsUsingPOST_1
2023-04-25 14:51:31.750 [main] INFO  edu.nuist.ExperimentWebApplication - Started ExperimentWebApplication in 16.136 seconds (JVM running for 24.309)
2023-04-25 14:52:23.787 [http-nio-8089-exec-4] INFO  o.a.c.core.ContainerBase.[Tomcat].[localhost].[/] - Initializing Spring DispatcherServlet 'dispatcherServlet'
2023-04-25 14:52:23.787 [http-nio-8089-exec-4] INFO  org.springframework.web.servlet.DispatcherServlet - Initializing Servlet 'dispatcherServlet'
2023-04-25 14:52:23.789 [http-nio-8089-exec-4] INFO  org.springframework.web.servlet.DispatcherServlet - Completed initialization in 2 ms
2023-04-25 14:52:24.079 [http-nio-8089-exec-2] ERROR edu.nuist.interceptor.JWTInterceptor - token过期
2023-04-25 14:52:24.079 [http-nio-8089-exec-3] ERROR edu.nuist.interceptor.JWTInterceptor - token过期
2023-04-25 15:03:39.440 [http-nio-8089-exec-8] INFO  com.zaxxer.hikari.HikariDataSource - HikariPool-1 - Starting...
2023-04-25 15:03:39.700 [http-nio-8089-exec-8] INFO  com.zaxxer.hikari.HikariDataSource - HikariPool-1 - Start completed.
2023-04-25 15:03:57.005 [http-nio-8089-exec-6] WARN  o.s.w.s.m.support.DefaultHandlerExceptionResolver - Resolved [org.springframework.http.converter.HttpMessageNotReadableException: Required request body is missing: public edu.nuist.entity.Result edu.nuist.controller.UserController.login(edu.nuist.entity.User)]
2023-04-25 15:04:12.763 [http-nio-8089-exec-1] INFO  edu.nuist.interceptor.JWTInterceptor - token正确
2023-04-25 15:04:12.764 [http-nio-8089-exec-4] INFO  edu.nuist.interceptor.JWTInterceptor - token正确
2023-04-25 15:04:24.683 [http-nio-8089-exec-2] INFO  edu.nuist.interceptor.JWTInterceptor - token正确
2023-04-25 15:04:24.683 [http-nio-8089-exec-3] INFO  edu.nuist.interceptor.JWTInterceptor - token正确
2023-04-25 15:04:38.321 [http-nio-8089-exec-7] INFO  edu.nuist.interceptor.JWTInterceptor - token正确
2023-04-25 15:04:38.321 [http-nio-8089-exec-5] INFO  edu.nuist.interceptor.JWTInterceptor - token正确
2023-04-25 15:04:40.928 [http-nio-8089-exec-8] INFO  edu.nuist.interceptor.JWTInterceptor - token正确
2023-04-25 15:04:40.928 [http-nio-8089-exec-9] INFO  edu.nuist.interceptor.JWTInterceptor - token正确
2023-04-25 15:04:43.579 [http-nio-8089-exec-10] INFO  edu.nuist.interceptor.JWTInterceptor - token正确
2023-04-25 15:04:43.579 [http-nio-8089-exec-6] INFO  edu.nuist.interceptor.JWTInterceptor - token正确
2023-04-25 15:05:38.811 [http-nio-8089-exec-1] INFO  edu.nuist.interceptor.JWTInterceptor - token正确
2023-04-25 15:05:38.811 [http-nio-8089-exec-2] INFO  edu.nuist.interceptor.JWTInterceptor - token正确
2023-04-25 15:05:45.208 [http-nio-8089-exec-7] INFO  edu.nuist.interceptor.JWTInterceptor - token正确
2023-04-25 15:05:45.208 [http-nio-8089-exec-3] INFO  edu.nuist.interceptor.JWTInterceptor - token正确
2023-04-25 15:06:26.354 [http-nio-8089-exec-5] INFO  edu.nuist.interceptor.JWTInterceptor - token正确
2023-04-25 15:06:26.354 [http-nio-8089-exec-9] INFO  edu.nuist.interceptor.JWTInterceptor - token正确
2023-04-25 15:07:11.561 [http-nio-8089-exec-8] INFO  edu.nuist.interceptor.JWTInterceptor - token正确
2023-04-25 15:07:11.561 [http-nio-8089-exec-10] INFO  edu.nuist.interceptor.JWTInterceptor - token正确
2023-04-25 15:07:48.318 [http-nio-8089-exec-6] INFO  edu.nuist.interceptor.JWTInterceptor - token正确
2023-04-25 15:07:48.318 [http-nio-8089-exec-4] INFO  edu.nuist.interceptor.JWTInterceptor - token正确
2023-04-25 15:07:57.529 [http-nio-8089-exec-2] INFO  edu.nuist.interceptor.JWTInterceptor - token正确
2023-04-25 15:07:57.529 [http-nio-8089-exec-1] INFO  edu.nuist.interceptor.JWTInterceptor - token正确
2023-04-25 15:09:21.999 [http-nio-8089-exec-5] INFO  edu.nuist.interceptor.JWTInterceptor - token正确
2023-04-25 15:09:21.999 [http-nio-8089-exec-9] INFO  edu.nuist.interceptor.JWTInterceptor - token正确
2023-04-25 15:09:23.466 [http-nio-8089-exec-4] INFO  edu.nuist.interceptor.JWTInterceptor - token正确
2023-04-25 15:09:23.466 [http-nio-8089-exec-6] INFO  edu.nuist.interceptor.JWTInterceptor - token正确
2023-04-25 15:09:27.987 [http-nio-8089-exec-2] INFO  edu.nuist.interceptor.JWTInterceptor - token正确
2023-04-25 15:09:30.847 [http-nio-8089-exec-5] INFO  edu.nuist.interceptor.JWTInterceptor - token正确
2023-04-25 15:09:33.226 [http-nio-8089-exec-8] INFO  edu.nuist.interceptor.JWTInterceptor - token正确
2023-04-25 15:09:34.205 [http-nio-8089-exec-10] INFO  edu.nuist.interceptor.JWTInterceptor - token正确
2023-04-25 15:09:36.929 [http-nio-8089-exec-4] INFO  edu.nuist.interceptor.JWTInterceptor - token正确
2023-04-25 15:09:37.576 [http-nio-8089-exec-1] INFO  edu.nuist.interceptor.JWTInterceptor - token正确
2023-04-25 15:09:41.146 [http-nio-8089-exec-3] INFO  edu.nuist.interceptor.JWTInterceptor - token正确
2023-04-25 15:09:41.359 [http-nio-8089-exec-9] INFO  edu.nuist.interceptor.JWTInterceptor - token正确
2023-04-25 15:09:45.615 [http-nio-8089-exec-6] INFO  edu.nuist.interceptor.JWTInterceptor - token正确
2023-04-25 15:09:45.744 [http-nio-8089-exec-10] INFO  edu.nuist.interceptor.JWTInterceptor - token正确
2023-04-25 15:09:51.017 [http-nio-8089-exec-2] INFO  edu.nuist.interceptor.JWTInterceptor - token正确
2023-04-25 15:09:51.085 [http-nio-8089-exec-1] INFO  edu.nuist.interceptor.JWTInterceptor - token正确
2023-04-25 15:09:53.185 [http-nio-8089-exec-3] INFO  edu.nuist.interceptor.JWTInterceptor - token正确
2023-04-25 15:09:53.498 [http-nio-8089-exec-5] INFO  edu.nuist.interceptor.JWTInterceptor - token正确
2023-04-25 15:09:54.247 [http-nio-8089-exec-9] INFO  edu.nuist.interceptor.JWTInterceptor - token正确
2023-04-25 15:09:54.813 [http-nio-8089-exec-8] INFO  edu.nuist.interceptor.JWTInterceptor - token正确
2023-04-25 15:09:55.160 [http-nio-8089-exec-6] INFO  edu.nuist.interceptor.JWTInterceptor - token正确
2023-04-25 15:09:55.498 [http-nio-8089-exec-4] INFO  edu.nuist.interceptor.JWTInterceptor - token正确
2023-04-25 15:09:57.797 [http-nio-8089-exec-10] INFO  edu.nuist.interceptor.JWTInterceptor - token正确
2023-04-25 15:09:58.079 [http-nio-8089-exec-2] INFO  edu.nuist.interceptor.JWTInterceptor - token正确
2023-04-25 15:09:58.503 [http-nio-8089-exec-7] INFO  edu.nuist.interceptor.JWTInterceptor - token正确
2023-04-25 15:09:59.133 [http-nio-8089-exec-1] INFO  edu.nuist.interceptor.JWTInterceptor - token正确
2023-04-25 15:09:59.725 [http-nio-8089-exec-3] INFO  edu.nuist.interceptor.JWTInterceptor - token正确
2023-04-25 15:10:00.160 [http-nio-8089-exec-9] INFO  edu.nuist.interceptor.JWTInterceptor - token正确
2023-04-25 15:10:01.038 [http-nio-8089-exec-6] INFO  edu.nuist.interceptor.JWTInterceptor - token正确
2023-04-25 15:10:01.949 [http-nio-8089-exec-4] INFO  edu.nuist.interceptor.JWTInterceptor - token正确
2023-04-25 15:10:01.949 [http-nio-8089-exec-10] INFO  edu.nuist.interceptor.JWTInterceptor - token正确
2023-04-25 15:10:02.407 [http-nio-8089-exec-7] INFO  edu.nuist.interceptor.JWTInterceptor - token正确
2023-04-25 15:10:03.108 [http-nio-8089-exec-3] INFO  edu.nuist.interceptor.JWTInterceptor - token正确
2023-04-25 15:10:04.409 [http-nio-8089-exec-5] INFO  edu.nuist.interceptor.JWTInterceptor - token正确
2023-04-25 15:10:04.409 [http-nio-8089-exec-9] INFO  edu.nuist.interceptor.JWTInterceptor - token正确
2023-04-25 15:15:47.598 [http-nio-8089-exec-4] INFO  edu.nuist.interceptor.JWTInterceptor - token正确
2023-04-25 15:15:47.598 [http-nio-8089-exec-10] INFO  edu.nuist.interceptor.JWTInterceptor - token正确
2023-04-25 15:15:49.180 [http-nio-8089-exec-2] INFO  edu.nuist.interceptor.JWTInterceptor - token正确
2023-04-25 15:15:50.808 [http-nio-8089-exec-7] INFO  edu.nuist.interceptor.JWTInterceptor - token正确
2023-04-25 15:15:51.472 [http-nio-8089-exec-1] INFO  edu.nuist.interceptor.JWTInterceptor - token正确
2023-04-25 15:15:52.638 [http-nio-8089-exec-9] INFO  edu.nuist.interceptor.JWTInterceptor - token正确
2023-04-25 15:15:55.832 [http-nio-8089-exec-5] INFO  edu.nuist.interceptor.JWTInterceptor - token正确
2023-04-25 15:16:11.337 [http-nio-8089-exec-10] INFO  edu.nuist.interceptor.JWTInterceptor - token正确
2023-04-25 15:16:11.884 [http-nio-8089-exec-10] INFO  edu.nuist.listener.StudentExcelListener - student: Student(id=1, username=null, password=null, name=小红, sex=女, birthday=2023-04-09, workPlace=北京/气象谷, job=打杂滴, major=计算机科学, qualification=硕士, phone=18865437393, clazzId=null)
2023-04-25 15:16:11.885 [http-nio-8089-exec-10] INFO  edu.nuist.listener.StudentExcelListener - student: Student(id=2, username=null, password=null, name=小红, sex=女, birthday=2023-04-09, workPlace=北京/气象谷, job=打杂滴, major=计算机科学, qualification=硕士, phone=18865437393, clazzId=null)
2023-04-25 15:16:11.886 [http-nio-8089-exec-10] INFO  edu.nuist.listener.StudentExcelListener - student: Student(id=3, username=null, password=null, name=小红, sex=女, birthday=2023-04-09, workPlace=北京/气象谷, job=打杂滴, major=计算机科学, qualification=硕士, phone=18865437393, clazzId=null)
2023-04-25 15:16:11.887 [http-nio-8089-exec-10] INFO  edu.nuist.listener.StudentExcelListener - student: Student(id=4, username=null, password=null, name=小红, sex=女, birthday=2023-04-09, workPlace=北京/气象谷, job=打杂滴, major=计算机科学, qualification=硕士, phone=18865437393, clazzId=null)
2023-04-25 15:16:11.888 [http-nio-8089-exec-10] INFO  edu.nuist.listener.StudentExcelListener - student: Student(id=5, username=null, password=null, name=小红, sex=女, birthday=2023-04-09, workPlace=北京/气象谷, job=打杂滴, major=计算机科学, qualification=硕士, phone=18865437393, clazzId=null)
2023-04-25 15:16:11.889 [http-nio-8089-exec-10] INFO  edu.nuist.listener.StudentExcelListener - student: Student(id=6, username=null, password=null, name=小红, sex=女, birthday=2023-04-09, workPlace=北京/气象谷, job=打杂滴, major=计算机科学, qualification=硕士, phone=18865437393, clazzId=null)
2023-04-25 15:16:11.890 [http-nio-8089-exec-10] INFO  edu.nuist.listener.StudentExcelListener - student: Student(id=7, username=null, password=null, name=小红, sex=女, birthday=2023-04-09, workPlace=北京/气象谷, job=打杂滴, major=计算机科学, qualification=硕士, phone=18865437393, clazzId=null)
2023-04-25 15:16:11.890 [http-nio-8089-exec-10] INFO  edu.nuist.listener.StudentExcelListener - student: Student(id=8, username=null, password=null, name=小红, sex=女, birthday=2023-04-09, workPlace=北京/气象谷, job=打杂滴, major=计算机科学, qualification=硕士, phone=18865437393, clazzId=null)
2023-04-25 15:16:11.891 [http-nio-8089-exec-10] INFO  edu.nuist.listener.StudentExcelListener - student: Student(id=9, username=null, password=null, name=小红, sex=女, birthday=2023-04-09, workPlace=北京/气象谷, job=打杂滴, major=计算机科学, qualification=硕士, phone=18865437393, clazzId=null)
2023-04-25 15:16:11.892 [http-nio-8089-exec-10] INFO  edu.nuist.listener.StudentExcelListener - student: Student(id=10, username=null, password=null, name=小红, sex=女, birthday=2023-04-09, workPlace=北京/气象谷, job=打杂滴, major=计算机科学, qualification=硕士, phone=18865437393, clazzId=null)
2023-04-25 15:16:11.945 [http-nio-8089-exec-10] INFO  edu.nuist.listener.StudentExcelListener - student: Student(id=11, username=null, password=null, name=小红, sex=女, birthday=2023-04-09, workPlace=北京/气象谷, job=打杂滴, major=计算机科学, qualification=硕士, phone=18865437393, clazzId=null)
2023-04-25 15:16:11.946 [http-nio-8089-exec-10] INFO  edu.nuist.listener.StudentExcelListener - student: Student(id=12, username=null, password=null, name=小红, sex=女, birthday=2023-04-09, workPlace=北京/气象谷, job=打杂滴, major=计算机科学, qualification=硕士, phone=18865437393, clazzId=null)
2023-04-25 15:16:11.947 [http-nio-8089-exec-10] INFO  edu.nuist.listener.StudentExcelListener - student: Student(id=13, username=null, password=null, name=小红, sex=女, birthday=2023-04-09, workPlace=北京/气象谷, job=打杂滴, major=计算机科学, qualification=硕士, phone=18865437393, clazzId=null)
2023-04-25 15:16:11.948 [http-nio-8089-exec-10] INFO  edu.nuist.listener.StudentExcelListener - student: Student(id=14, username=null, password=null, name=小红, sex=女, birthday=2023-04-09, workPlace=北京/气象谷, job=打杂滴, major=计算机科学, qualification=硕士, phone=18865437393, clazzId=null)
2023-04-25 15:16:11.949 [http-nio-8089-exec-10] INFO  edu.nuist.listener.StudentExcelListener - student: Student(id=15, username=null, password=null, name=小红, sex=女, birthday=2023-04-09, workPlace=北京/气象谷, job=打杂滴, major=计算机科学, qualification=硕士, phone=18865437393, clazzId=null)
2023-04-25 15:16:11.950 [http-nio-8089-exec-10] INFO  edu.nuist.listener.StudentExcelListener - student: Student(id=16, username=null, password=null, name=小红, sex=女, birthday=2023-04-09, workPlace=北京/气象谷, job=打杂滴, major=计算机科学, qualification=硕士, phone=18865437393, clazzId=null)
2023-04-25 15:16:11.950 [http-nio-8089-exec-10] INFO  edu.nuist.listener.StudentExcelListener - student: Student(id=17, username=null, password=null, name=小红, sex=女, birthday=2023-04-09, workPlace=北京/气象谷, job=打杂滴, major=计算机科学, qualification=硕士, phone=18865437393, clazzId=null)
2023-04-25 15:16:11.951 [http-nio-8089-exec-10] INFO  edu.nuist.listener.StudentExcelListener - student: Student(id=18, username=null, password=null, name=小红, sex=女, birthday=2023-04-09, workPlace=北京/气象谷, job=打杂滴, major=计算机科学, qualification=硕士, phone=18865437393, clazzId=null)
2023-04-25 15:16:11.952 [http-nio-8089-exec-10] INFO  edu.nuist.listener.StudentExcelListener - student: Student(id=19, username=null, password=null, name=小红, sex=女, birthday=2023-04-09, workPlace=北京/气象谷, job=打杂滴, major=计算机科学, qualification=硕士, phone=18865437393, clazzId=null)
2023-04-25 15:16:11.952 [http-nio-8089-exec-10] INFO  edu.nuist.listener.StudentExcelListener - student: Student(id=20, username=null, password=null, name=小红, sex=女, birthday=2023-04-09, workPlace=北京/气象谷, job=打杂滴, major=计算机科学, qualification=硕士, phone=18865437393, clazzId=null)
2023-04-25 15:16:11.995 [http-nio-8089-exec-10] INFO  edu.nuist.listener.StudentExcelListener - student: Student(id=21, username=null, password=null, name=小红, sex=女, birthday=2023-04-09, workPlace=北京/气象谷, job=打杂滴, major=计算机科学, qualification=硕士, phone=18865437393, clazzId=null)
2023-04-25 15:16:11.996 [http-nio-8089-exec-10] INFO  edu.nuist.listener.StudentExcelListener - student: Student(id=22, username=null, password=null, name=小红, sex=女, birthday=2023-04-09, workPlace=北京/气象谷, job=打杂滴, major=计算机科学, qualification=硕士, phone=18865437393, clazzId=null)
2023-04-25 15:16:11.997 [http-nio-8089-exec-10] INFO  edu.nuist.listener.StudentExcelListener - student: Student(id=23, username=null, password=null, name=小红, sex=女, birthday=2023-04-09, workPlace=北京/气象谷, job=打杂滴, major=计算机科学, qualification=硕士, phone=18865437393, clazzId=null)
2023-04-25 15:16:11.998 [http-nio-8089-exec-10] INFO  edu.nuist.listener.StudentExcelListener - student: Student(id=24, username=null, password=null, name=小红, sex=女, birthday=2023-04-09, workPlace=北京/气象谷, job=打杂滴, major=计算机科学, qualification=硕士, phone=18865437393, clazzId=null)
2023-04-25 15:16:11.998 [http-nio-8089-exec-10] INFO  edu.nuist.listener.StudentExcelListener - student: Student(id=25, username=null, password=null, name=小红, sex=女, birthday=2023-04-09, workPlace=北京/气象谷, job=打杂滴, major=计算机科学, qualification=硕士, phone=18865437393, clazzId=null)
2023-04-25 15:16:11.999 [http-nio-8089-exec-10] INFO  edu.nuist.listener.StudentExcelListener - student: Student(id=26, username=null, password=null, name=小红, sex=女, birthday=2023-04-09, workPlace=北京/气象谷, job=打杂滴, major=计算机科学, qualification=硕士, phone=18865437393, clazzId=null)
2023-04-25 15:16:12.000 [http-nio-8089-exec-10] INFO  edu.nuist.listener.StudentExcelListener - student: Student(id=27, username=null, password=null, name=小红, sex=女, birthday=2023-04-09, workPlace=北京/气象谷, job=打杂滴, major=计算机科学, qualification=硕士, phone=18865437393, clazzId=null)
2023-04-25 15:16:12.000 [http-nio-8089-exec-10] INFO  edu.nuist.listener.StudentExcelListener - student: Student(id=28, username=null, password=null, name=小红, sex=女, birthday=2023-04-09, workPlace=北京/气象谷, job=打杂滴, major=计算机科学, qualification=硕士, phone=18865437393, clazzId=null)
2023-04-25 15:16:12.001 [http-nio-8089-exec-10] INFO  edu.nuist.listener.StudentExcelListener - student: Student(id=29, username=null, password=null, name=小红, sex=女, birthday=2023-04-09, workPlace=北京/气象谷, job=打杂滴, major=计算机科学, qualification=硕士, phone=18865437393, clazzId=null)
2023-04-25 15:16:12.001 [http-nio-8089-exec-10] INFO  edu.nuist.listener.StudentExcelListener - student: Student(id=30, username=null, password=null, name=小红, sex=女, birthday=2023-04-09, workPlace=北京/气象谷, job=打杂滴, major=计算机科学, qualification=硕士, phone=18865437393, clazzId=null)
2023-04-25 15:16:12.045 [http-nio-8089-exec-10] INFO  edu.nuist.listener.StudentExcelListener - student: Student(id=31, username=null, password=null, name=小红, sex=女, birthday=2023-04-09, workPlace=北京/气象谷, job=打杂滴, major=计算机科学, qualification=硕士, phone=18865437393, clazzId=null)
2023-04-25 15:16:12.045 [http-nio-8089-exec-10] INFO  edu.nuist.listener.StudentExcelListener - student: Student(id=32, username=null, password=null, name=小红, sex=女, birthday=2023-04-09, workPlace=北京/气象谷, job=打杂滴, major=计算机科学, qualification=硕士, phone=18865437393, clazzId=null)
2023-04-25 15:16:12.046 [http-nio-8089-exec-10] INFO  edu.nuist.listener.StudentExcelListener - student: Student(id=33, username=null, password=null, name=小红, sex=女, birthday=2023-04-09, workPlace=北京/气象谷, job=打杂滴, major=计算机科学, qualification=硕士, phone=18865437393, clazzId=null)
2023-04-25 15:16:12.046 [http-nio-8089-exec-10] INFO  edu.nuist.listener.StudentExcelListener - student: Student(id=34, username=null, password=null, name=小红, sex=女, birthday=2023-04-09, workPlace=北京/气象谷, job=打杂滴, major=计算机科学, qualification=硕士, phone=18865437393, clazzId=null)
2023-04-25 15:16:12.047 [http-nio-8089-exec-10] INFO  edu.nuist.listener.StudentExcelListener - student: Student(id=35, username=null, password=null, name=小红, sex=女, birthday=2023-04-09, workPlace=北京/气象谷, job=打杂滴, major=计算机科学, qualification=硕士, phone=18865437393, clazzId=null)
2023-04-25 15:16:12.048 [http-nio-8089-exec-10] INFO  edu.nuist.listener.StudentExcelListener - student: Student(id=36, username=null, password=null, name=小红, sex=女, birthday=2023-04-09, workPlace=北京/气象谷, job=打杂滴, major=计算机科学, qualification=硕士, phone=18865437393, clazzId=null)
2023-04-25 15:16:12.048 [http-nio-8089-exec-10] INFO  edu.nuist.listener.StudentExcelListener - student: Student(id=37, username=null, password=null, name=小红, sex=女, birthday=2023-04-09, workPlace=北京/气象谷, job=打杂滴, major=计算机科学, qualification=硕士, phone=18865437393, clazzId=null)
2023-04-25 15:16:12.049 [http-nio-8089-exec-10] INFO  edu.nuist.listener.StudentExcelListener - student: Student(id=38, username=null, password=null, name=小红, sex=女, birthday=2023-04-09, workPlace=北京/气象谷, job=打杂滴, major=计算机科学, qualification=硕士, phone=18865437393, clazzId=null)
2023-04-25 15:16:12.050 [http-nio-8089-exec-10] INFO  edu.nuist.listener.StudentExcelListener - student: Student(id=39, username=null, password=null, name=小红, sex=女, birthday=2023-04-09, workPlace=北京/气象谷, job=打杂滴, major=计算机科学, qualification=硕士, phone=18865437393, clazzId=null)
2023-04-25 15:16:12.050 [http-nio-8089-exec-10] INFO  edu.nuist.listener.StudentExcelListener - student: Student(id=40, username=null, password=null, name=小红, sex=女, birthday=2023-04-09, workPlace=北京/气象谷, job=打杂滴, major=计算机科学, qualification=硕士, phone=18865437393, clazzId=null)
2023-04-25 15:16:12.095 [http-nio-8089-exec-10] INFO  edu.nuist.listener.StudentExcelListener - student: Student(id=41, username=null, password=null, name=小红, sex=女, birthday=2023-04-09, workPlace=北京/气象谷, job=打杂滴, major=计算机科学, qualification=硕士, phone=18865437393, clazzId=null)
2023-04-25 15:16:12.096 [http-nio-8089-exec-10] INFO  edu.nuist.listener.StudentExcelListener - student: Student(id=42, username=null, password=null, name=小红, sex=女, birthday=2023-04-09, workPlace=北京/气象谷, job=打杂滴, major=计算机科学, qualification=硕士, phone=18865437393, clazzId=null)
2023-04-25 15:16:12.097 [http-nio-8089-exec-10] INFO  edu.nuist.listener.StudentExcelListener - student: Student(id=43, username=null, password=null, name=小红, sex=女, birthday=2023-04-09, workPlace=北京/气象谷, job=打杂滴, major=计算机科学, qualification=硕士, phone=18865437393, clazzId=null)
2023-04-25 15:16:12.097 [http-nio-8089-exec-10] INFO  edu.nuist.listener.StudentExcelListener - student: Student(id=44, username=null, password=null, name=小红, sex=女, birthday=2023-04-09, workPlace=北京/气象谷, job=打杂滴, major=计算机科学, qualification=硕士, phone=18865437393, clazzId=null)
2023-04-25 15:16:12.098 [http-nio-8089-exec-10] INFO  edu.nuist.listener.StudentExcelListener - student: Student(id=45, username=null, password=null, name=小红, sex=女, birthday=2023-04-09, workPlace=北京/气象谷, job=打杂滴, major=计算机科学, qualification=硕士, phone=18865437393, clazzId=null)
2023-04-25 15:16:12.098 [http-nio-8089-exec-10] INFO  edu.nuist.listener.StudentExcelListener - student: Student(id=46, username=null, password=null, name=小红, sex=女, birthday=2023-04-09, workPlace=北京/气象谷, job=打杂滴, major=计算机科学, qualification=硕士, phone=18865437393, clazzId=null)
2023-04-25 15:16:12.099 [http-nio-8089-exec-10] INFO  edu.nuist.listener.StudentExcelListener - student: Student(id=47, username=null, password=null, name=小红, sex=女, birthday=2023-04-09, workPlace=北京/气象谷, job=打杂滴, major=计算机科学, qualification=硕士, phone=18865437393, clazzId=null)
2023-04-25 15:16:12.099 [http-nio-8089-exec-10] INFO  edu.nuist.listener.StudentExcelListener - student: Student(id=48, username=null, password=null, name=小红, sex=女, birthday=2023-04-09, workPlace=北京/气象谷, job=打杂滴, major=计算机科学, qualification=硕士, phone=18865437393, clazzId=null)
2023-04-25 15:16:12.099 [http-nio-8089-exec-10] INFO  edu.nuist.listener.StudentExcelListener - student: Student(id=49, username=null, password=null, name=小红, sex=女, birthday=2023-04-09, workPlace=北京/气象谷, job=打杂滴, major=计算机科学, qualification=硕士, phone=18865437393, clazzId=null)
2023-04-25 15:16:12.100 [http-nio-8089-exec-10] INFO  edu.nuist.listener.StudentExcelListener - student: Student(id=50, username=null, password=null, name=小红, sex=女, birthday=2023-04-09, workPlace=北京/气象谷, job=打杂滴, major=计算机科学, qualification=硕士, phone=18865437393, clazzId=null)
2023-04-25 15:16:12.127 [http-nio-8089-exec-10] INFO  edu.nuist.listener.StudentExcelListener - 所有数据解析完成！
2023-04-25 15:16:12.176 [http-nio-8089-exec-4] INFO  edu.nuist.interceptor.JWTInterceptor - token正确
2023-04-25 15:16:15.271 [http-nio-8089-exec-7] INFO  edu.nuist.interceptor.JWTInterceptor - token正确
2023-04-25 15:16:22.116 [http-nio-8089-exec-3] INFO  edu.nuist.interceptor.JWTInterceptor - token正确
2023-04-25 15:16:22.534 [http-nio-8089-exec-1] INFO  edu.nuist.interceptor.JWTInterceptor - token正确
2023-04-25 15:16:28.392 [http-nio-8089-exec-9] INFO  edu.nuist.interceptor.JWTInterceptor - token正确
2023-04-25 15:16:28.471 [http-nio-8089-exec-9] INFO  edu.nuist.listener.StudentExcelListener - 所有数据解析完成！
2023-04-25 15:16:28.516 [http-nio-8089-exec-6] INFO  edu.nuist.interceptor.JWTInterceptor - token正确
2023-04-25 15:16:31.378 [http-nio-8089-exec-8] INFO  edu.nuist.interceptor.JWTInterceptor - token正确
2023-04-25 15:16:33.360 [http-nio-8089-exec-10] INFO  edu.nuist.interceptor.JWTInterceptor - token正确
2023-04-25 15:16:33.996 [http-nio-8089-exec-2] INFO  edu.nuist.interceptor.JWTInterceptor - token正确
2023-04-25 15:16:34.544 [http-nio-8089-exec-4] INFO  edu.nuist.interceptor.JWTInterceptor - token正确
2023-04-25 15:16:34.887 [http-nio-8089-exec-7] INFO  edu.nuist.interceptor.JWTInterceptor - token正确
2023-04-25 15:16:35.237 [http-nio-8089-exec-3] INFO  edu.nuist.interceptor.JWTInterceptor - token正确
2023-04-25 15:16:35.567 [http-nio-8089-exec-1] INFO  edu.nuist.interceptor.JWTInterceptor - token正确
2023-04-25 15:16:36.245 [http-nio-8089-exec-9] INFO  edu.nuist.interceptor.JWTInterceptor - token正确
2023-04-25 15:16:56.926 [http-nio-8089-exec-5] INFO  edu.nuist.interceptor.JWTInterceptor - token正确
2023-04-25 15:16:56.941 [http-nio-8089-exec-5] INFO  edu.nuist.listener.StudentExcelListener - student: Student(id=1, username=null, password=null, name=小红, sex=女, birthday=2023-04-09, workPlace=北京/气象谷, job=打杂滴, major=计算机科学, qualification=硕士, phone=18865437393, clazzId=null)
2023-04-25 15:16:56.942 [http-nio-8089-exec-5] INFO  edu.nuist.listener.StudentExcelListener - student: Student(id=2, username=null, password=null, name=小红, sex=女, birthday=2023-04-09, workPlace=北京/气象谷, job=打杂滴, major=计算机科学, qualification=硕士, phone=18865437393, clazzId=null)
2023-04-25 15:16:56.942 [http-nio-8089-exec-5] INFO  edu.nuist.listener.StudentExcelListener - student: Student(id=3, username=null, password=null, name=小红, sex=女, birthday=2023-04-09, workPlace=北京/气象谷, job=打杂滴, major=计算机科学, qualification=硕士, phone=18865437393, clazzId=null)
2023-04-25 15:16:56.943 [http-nio-8089-exec-5] INFO  edu.nuist.listener.StudentExcelListener - student: Student(id=4, username=null, password=null, name=小红, sex=女, birthday=2023-04-09, workPlace=北京/气象谷, job=打杂滴, major=计算机科学, qualification=硕士, phone=18865437393, clazzId=null)
2023-04-25 15:16:56.943 [http-nio-8089-exec-5] INFO  edu.nuist.listener.StudentExcelListener - student: Student(id=5, username=null, password=null, name=小红, sex=女, birthday=2023-04-09, workPlace=北京/气象谷, job=打杂滴, major=计算机科学, qualification=硕士, phone=18865437393, clazzId=null)
2023-04-25 15:16:56.943 [http-nio-8089-exec-5] INFO  edu.nuist.listener.StudentExcelListener - student: Student(id=6, username=null, password=null, name=小红, sex=女, birthday=2023-04-09, workPlace=北京/气象谷, job=打杂滴, major=计算机科学, qualification=硕士, phone=18865437393, clazzId=null)
2023-04-25 15:16:56.944 [http-nio-8089-exec-5] INFO  edu.nuist.listener.StudentExcelListener - student: Student(id=7, username=null, password=null, name=小红, sex=女, birthday=2023-04-09, workPlace=北京/气象谷, job=打杂滴, major=计算机科学, qualification=硕士, phone=18865437393, clazzId=null)
2023-04-25 15:16:56.944 [http-nio-8089-exec-5] INFO  edu.nuist.listener.StudentExcelListener - student: Student(id=8, username=null, password=null, name=小红, sex=女, birthday=2023-04-09, workPlace=北京/气象谷, job=打杂滴, major=计算机科学, qualification=硕士, phone=18865437393, clazzId=null)
2023-04-25 15:16:56.944 [http-nio-8089-exec-5] INFO  edu.nuist.listener.StudentExcelListener - student: Student(id=9, username=null, password=null, name=小红, sex=女, birthday=2023-04-09, workPlace=北京/气象谷, job=打杂滴, major=计算机科学, qualification=硕士, phone=18865437393, clazzId=null)
2023-04-25 15:16:56.945 [http-nio-8089-exec-5] INFO  edu.nuist.listener.StudentExcelListener - student: Student(id=10, username=null, password=null, name=小红, sex=女, birthday=2023-04-09, workPlace=北京/气象谷, job=打杂滴, major=计算机科学, qualification=硕士, phone=18865437393, clazzId=null)
2023-04-25 15:16:56.968 [http-nio-8089-exec-5] INFO  edu.nuist.listener.StudentExcelListener - student: Student(id=11, username=null, password=null, name=小红, sex=女, birthday=2023-04-09, workPlace=北京/气象谷, job=打杂滴, major=计算机科学, qualification=硕士, phone=18865437393, clazzId=null)
2023-04-25 15:16:56.969 [http-nio-8089-exec-5] INFO  edu.nuist.listener.StudentExcelListener - student: Student(id=12, username=null, password=null, name=小红, sex=女, birthday=2023-04-09, workPlace=北京/气象谷, job=打杂滴, major=计算机科学, qualification=硕士, phone=18865437393, clazzId=null)
2023-04-25 15:16:56.969 [http-nio-8089-exec-5] INFO  edu.nuist.listener.StudentExcelListener - student: Student(id=13, username=null, password=null, name=小红, sex=女, birthday=2023-04-09, workPlace=北京/气象谷, job=打杂滴, major=计算机科学, qualification=硕士, phone=18865437393, clazzId=null)
2023-04-25 15:16:56.969 [http-nio-8089-exec-5] INFO  edu.nuist.listener.StudentExcelListener - student: Student(id=14, username=null, password=null, name=小红, sex=女, birthday=2023-04-09, workPlace=北京/气象谷, job=打杂滴, major=计算机科学, qualification=硕士, phone=18865437393, clazzId=null)
2023-04-25 15:16:56.970 [http-nio-8089-exec-5] INFO  edu.nuist.listener.StudentExcelListener - student: Student(id=15, username=null, password=null, name=小红, sex=女, birthday=2023-04-09, workPlace=北京/气象谷, job=打杂滴, major=计算机科学, qualification=硕士, phone=18865437393, clazzId=null)
2023-04-25 15:16:56.970 [http-nio-8089-exec-5] INFO  edu.nuist.listener.StudentExcelListener - student: Student(id=16, username=null, password=null, name=小红, sex=女, birthday=2023-04-09, workPlace=北京/气象谷, job=打杂滴, major=计算机科学, qualification=硕士, phone=18865437393, clazzId=null)
2023-04-25 15:16:56.970 [http-nio-8089-exec-5] INFO  edu.nuist.listener.StudentExcelListener - student: Student(id=17, username=null, password=null, name=小红, sex=女, birthday=2023-04-09, workPlace=北京/气象谷, job=打杂滴, major=计算机科学, qualification=硕士, phone=18865437393, clazzId=null)
2023-04-25 15:16:56.971 [http-nio-8089-exec-5] INFO  edu.nuist.listener.StudentExcelListener - student: Student(id=18, username=null, password=null, name=小红, sex=女, birthday=2023-04-09, workPlace=北京/气象谷, job=打杂滴, major=计算机科学, qualification=硕士, phone=18865437393, clazzId=null)
2023-04-25 15:16:56.971 [http-nio-8089-exec-5] INFO  edu.nuist.listener.StudentExcelListener - student: Student(id=19, username=null, password=null, name=小红, sex=女, birthday=2023-04-09, workPlace=北京/气象谷, job=打杂滴, major=计算机科学, qualification=硕士, phone=18865437393, clazzId=null)
2023-04-25 15:16:56.971 [http-nio-8089-exec-5] INFO  edu.nuist.listener.StudentExcelListener - student: Student(id=20, username=null, password=null, name=小红, sex=女, birthday=2023-04-09, workPlace=北京/气象谷, job=打杂滴, major=计算机科学, qualification=硕士, phone=18865437393, clazzId=null)
2023-04-25 15:16:56.991 [http-nio-8089-exec-5] INFO  edu.nuist.listener.StudentExcelListener - student: Student(id=21, username=null, password=null, name=小红, sex=女, birthday=2023-04-09, workPlace=北京/气象谷, job=打杂滴, major=计算机科学, qualification=硕士, phone=18865437393, clazzId=null)
2023-04-25 15:16:56.992 [http-nio-8089-exec-5] INFO  edu.nuist.listener.StudentExcelListener - student: Student(id=22, username=null, password=null, name=小红, sex=女, birthday=2023-04-09, workPlace=北京/气象谷, job=打杂滴, major=计算机科学, qualification=硕士, phone=18865437393, clazzId=null)
2023-04-25 15:16:56.992 [http-nio-8089-exec-5] INFO  edu.nuist.listener.StudentExcelListener - student: Student(id=23, username=null, password=null, name=小红, sex=女, birthday=2023-04-09, workPlace=北京/气象谷, job=打杂滴, major=计算机科学, qualification=硕士, phone=18865437393, clazzId=null)
2023-04-25 15:16:56.992 [http-nio-8089-exec-5] INFO  edu.nuist.listener.StudentExcelListener - student: Student(id=24, username=null, password=null, name=小红, sex=女, birthday=2023-04-09, workPlace=北京/气象谷, job=打杂滴, major=计算机科学, qualification=硕士, phone=18865437393, clazzId=null)
2023-04-25 15:16:56.993 [http-nio-8089-exec-5] INFO  edu.nuist.listener.StudentExcelListener - student: Student(id=25, username=null, password=null, name=小红, sex=女, birthday=2023-04-09, workPlace=北京/气象谷, job=打杂滴, major=计算机科学, qualification=硕士, phone=18865437393, clazzId=null)
2023-04-25 15:16:56.993 [http-nio-8089-exec-5] INFO  edu.nuist.listener.StudentExcelListener - student: Student(id=26, username=null, password=null, name=小红, sex=女, birthday=2023-04-09, workPlace=北京/气象谷, job=打杂滴, major=计算机科学, qualification=硕士, phone=18865437393, clazzId=null)
2023-04-25 15:16:56.993 [http-nio-8089-exec-5] INFO  edu.nuist.listener.StudentExcelListener - student: Student(id=27, username=null, password=null, name=小红, sex=女, birthday=2023-04-09, workPlace=北京/气象谷, job=打杂滴, major=计算机科学, qualification=硕士, phone=18865437393, clazzId=null)
2023-04-25 15:16:56.994 [http-nio-8089-exec-5] INFO  edu.nuist.listener.StudentExcelListener - student: Student(id=28, username=null, password=null, name=小红, sex=女, birthday=2023-04-09, workPlace=北京/气象谷, job=打杂滴, major=计算机科学, qualification=硕士, phone=18865437393, clazzId=null)
2023-04-25 15:16:56.994 [http-nio-8089-exec-5] INFO  edu.nuist.listener.StudentExcelListener - student: Student(id=29, username=null, password=null, name=小红, sex=女, birthday=2023-04-09, workPlace=北京/气象谷, job=打杂滴, major=计算机科学, qualification=硕士, phone=18865437393, clazzId=null)
2023-04-25 15:16:56.994 [http-nio-8089-exec-5] INFO  edu.nuist.listener.StudentExcelListener - student: Student(id=30, username=null, password=null, name=小红, sex=女, birthday=2023-04-09, workPlace=北京/气象谷, job=打杂滴, major=计算机科学, qualification=硕士, phone=18865437393, clazzId=null)
2023-04-25 15:16:57.042 [http-nio-8089-exec-5] INFO  edu.nuist.listener.StudentExcelListener - student: Student(id=31, username=null, password=null, name=小红, sex=女, birthday=2023-04-09, workPlace=北京/气象谷, job=打杂滴, major=计算机科学, qualification=硕士, phone=18865437393, clazzId=null)
2023-04-25 15:16:57.042 [http-nio-8089-exec-5] INFO  edu.nuist.listener.StudentExcelListener - student: Student(id=32, username=null, password=null, name=小红, sex=女, birthday=2023-04-09, workPlace=北京/气象谷, job=打杂滴, major=计算机科学, qualification=硕士, phone=18865437393, clazzId=null)
2023-04-25 15:16:57.043 [http-nio-8089-exec-5] INFO  edu.nuist.listener.StudentExcelListener - student: Student(id=33, username=null, password=null, name=小红, sex=女, birthday=2023-04-09, workPlace=北京/气象谷, job=打杂滴, major=计算机科学, qualification=硕士, phone=18865437393, clazzId=null)
2023-04-25 15:16:57.043 [http-nio-8089-exec-5] INFO  edu.nuist.listener.StudentExcelListener - student: Student(id=34, username=null, password=null, name=小红, sex=女, birthday=2023-04-09, workPlace=北京/气象谷, job=打杂滴, major=计算机科学, qualification=硕士, phone=18865437393, clazzId=null)
2023-04-25 15:16:57.043 [http-nio-8089-exec-5] INFO  edu.nuist.listener.StudentExcelListener - student: Student(id=35, username=null, password=null, name=小红, sex=女, birthday=2023-04-09, workPlace=北京/气象谷, job=打杂滴, major=计算机科学, qualification=硕士, phone=18865437393, clazzId=null)
2023-04-25 15:16:57.044 [http-nio-8089-exec-5] INFO  edu.nuist.listener.StudentExcelListener - student: Student(id=36, username=null, password=null, name=小红, sex=女, birthday=2023-04-09, workPlace=北京/气象谷, job=打杂滴, major=计算机科学, qualification=硕士, phone=18865437393, clazzId=null)
2023-04-25 15:16:57.044 [http-nio-8089-exec-5] INFO  edu.nuist.listener.StudentExcelListener - student: Student(id=37, username=null, password=null, name=小红, sex=女, birthday=2023-04-09, workPlace=北京/气象谷, job=打杂滴, major=计算机科学, qualification=硕士, phone=18865437393, clazzId=null)
2023-04-25 15:16:57.044 [http-nio-8089-exec-5] INFO  edu.nuist.listener.StudentExcelListener - student: Student(id=38, username=null, password=null, name=小红, sex=女, birthday=2023-04-09, workPlace=北京/气象谷, job=打杂滴, major=计算机科学, qualification=硕士, phone=18865437393, clazzId=null)
2023-04-25 15:16:57.045 [http-nio-8089-exec-5] INFO  edu.nuist.listener.StudentExcelListener - student: Student(id=39, username=null, password=null, name=小红, sex=女, birthday=2023-04-09, workPlace=北京/气象谷, job=打杂滴, major=计算机科学, qualification=硕士, phone=18865437393, clazzId=null)
2023-04-25 15:16:57.045 [http-nio-8089-exec-5] INFO  edu.nuist.listener.StudentExcelListener - student: Student(id=40, username=null, password=null, name=小红, sex=女, birthday=2023-04-09, workPlace=北京/气象谷, job=打杂滴, major=计算机科学, qualification=硕士, phone=18865437393, clazzId=null)
2023-04-25 15:16:57.092 [http-nio-8089-exec-5] INFO  edu.nuist.listener.StudentExcelListener - student: Student(id=41, username=null, password=null, name=小红, sex=女, birthday=2023-04-09, workPlace=北京/气象谷, job=打杂滴, major=计算机科学, qualification=硕士, phone=18865437393, clazzId=null)
2023-04-25 15:16:57.092 [http-nio-8089-exec-5] INFO  edu.nuist.listener.StudentExcelListener - student: Student(id=42, username=null, password=null, name=小红, sex=女, birthday=2023-04-09, workPlace=北京/气象谷, job=打杂滴, major=计算机科学, qualification=硕士, phone=18865437393, clazzId=null)
2023-04-25 15:16:57.093 [http-nio-8089-exec-5] INFO  edu.nuist.listener.StudentExcelListener - student: Student(id=43, username=null, password=null, name=小红, sex=女, birthday=2023-04-09, workPlace=北京/气象谷, job=打杂滴, major=计算机科学, qualification=硕士, phone=18865437393, clazzId=null)
2023-04-25 15:16:57.093 [http-nio-8089-exec-5] INFO  edu.nuist.listener.StudentExcelListener - student: Student(id=44, username=null, password=null, name=小红, sex=女, birthday=2023-04-09, workPlace=北京/气象谷, job=打杂滴, major=计算机科学, qualification=硕士, phone=18865437393, clazzId=null)
2023-04-25 15:16:57.093 [http-nio-8089-exec-5] INFO  edu.nuist.listener.StudentExcelListener - student: Student(id=45, username=null, password=null, name=小红, sex=女, birthday=2023-04-09, workPlace=北京/气象谷, job=打杂滴, major=计算机科学, qualification=硕士, phone=18865437393, clazzId=null)
2023-04-25 15:16:57.094 [http-nio-8089-exec-5] INFO  edu.nuist.listener.StudentExcelListener - student: Student(id=46, username=null, password=null, name=小红, sex=女, birthday=2023-04-09, workPlace=北京/气象谷, job=打杂滴, major=计算机科学, qualification=硕士, phone=18865437393, clazzId=null)
2023-04-25 15:16:57.094 [http-nio-8089-exec-5] INFO  edu.nuist.listener.StudentExcelListener - student: Student(id=47, username=null, password=null, name=小红, sex=女, birthday=2023-04-09, workPlace=北京/气象谷, job=打杂滴, major=计算机科学, qualification=硕士, phone=18865437393, clazzId=null)
2023-04-25 15:16:57.094 [http-nio-8089-exec-5] INFO  edu.nuist.listener.StudentExcelListener - student: Student(id=48, username=null, password=null, name=小红, sex=女, birthday=2023-04-09, workPlace=北京/气象谷, job=打杂滴, major=计算机科学, qualification=硕士, phone=18865437393, clazzId=null)
2023-04-25 15:16:57.094 [http-nio-8089-exec-5] INFO  edu.nuist.listener.StudentExcelListener - student: Student(id=49, username=null, password=null, name=小红, sex=女, birthday=2023-04-09, workPlace=北京/气象谷, job=打杂滴, major=计算机科学, qualification=硕士, phone=18865437393, clazzId=null)
2023-04-25 15:16:57.095 [http-nio-8089-exec-5] INFO  edu.nuist.listener.StudentExcelListener - student: Student(id=50, username=null, password=null, name=小红, sex=女, birthday=2023-04-09, workPlace=北京/气象谷, job=打杂滴, major=计算机科学, qualification=硕士, phone=18865437393, clazzId=null)
2023-04-25 15:16:57.116 [http-nio-8089-exec-5] INFO  edu.nuist.listener.StudentExcelListener - 所有数据解析完成！
2023-04-25 15:16:57.163 [http-nio-8089-exec-6] INFO  edu.nuist.interceptor.JWTInterceptor - token正确
2023-04-25 15:16:58.967 [http-nio-8089-exec-10] INFO  edu.nuist.interceptor.JWTInterceptor - token正确
2023-04-25 15:19:28.223 [SpringContextShutdownHook] INFO  o.s.scheduling.concurrent.ThreadPoolTaskExecutor - Shutting down ExecutorService 'applicationTaskExecutor'
2023-04-25 15:19:28.225 [SpringContextShutdownHook] INFO  com.zaxxer.hikari.HikariDataSource - HikariPool-1 - Shutdown initiated...
2023-04-25 15:19:28.231 [SpringContextShutdownHook] INFO  com.zaxxer.hikari.HikariDataSource - HikariPool-1 - Shutdown completed.
