2023-04-20 17:13:20.393 [main] INFO  o.s.b.t.context.SpringBootTestContextBootstrapper - Neither @ContextConfiguration nor @ContextHierarchy found for test class [edu.nuist.dao.DaoTest], using SpringBootContextLoader
2023-04-20 17:13:20.398 [main] INFO  o.s.test.context.support.AbstractContextLoader - Could not detect default resource locations for test class [edu.nuist.dao.DaoTest]: no resource found for suffixes {-context.xml, Context.groovy}.
2023-04-20 17:13:20.399 [main] INFO  o.s.t.c.support.AnnotationConfigContextLoaderUtils - Could not detect default configuration classes for test class [edu.nuist.dao.DaoTest]: DaoTest does not declare any static, non-private, non-final, nested classes annotated with @Configuration.
2023-04-20 17:13:20.544 [main] INFO  o.s.b.t.context.SpringBootTestContextBootstrapper - Found @SpringBootConfiguration edu.nuist.ExperimentWebApplication for test class edu.nuist.dao.DaoTest
2023-04-20 17:13:20.626 [main] INFO  o.s.b.t.context.SpringBootTestContextBootstrapper - Loaded default TestExecutionListener class names from location [META-INF/spring.factories]: [org.springframework.boot.test.mock.mockito.MockitoTestExecutionListener, org.springframework.boot.test.mock.mockito.ResetMocksTestExecutionListener, org.springframework.boot.test.autoconfigure.restdocs.RestDocsTestExecutionListener, org.springframework.boot.test.autoconfigure.web.client.MockRestServiceServerResetTestExecutionListener, org.springframework.boot.test.autoconfigure.web.servlet.MockMvcPrintOnlyOnFailureTestExecutionListener, org.springframework.boot.test.autoconfigure.web.servlet.WebDriverTestExecutionListener, org.springframework.boot.test.autoconfigure.webservices.client.MockWebServiceServerTestExecutionListener, org.springframework.test.context.web.ServletTestExecutionListener, org.springframework.test.context.support.DirtiesContextBeforeModesTestExecutionListener, org.springframework.test.context.event.ApplicationEventsTestExecutionListener, org.springframework.test.context.support.DependencyInjectionTestExecutionListener, org.springframework.test.context.support.DirtiesContextTestExecutionListener, org.springframework.test.context.transaction.TransactionalTestExecutionListener, org.springframework.test.context.jdbc.SqlScriptsTestExecutionListener, org.springframework.test.context.event.EventPublishingTestExecutionListener]
2023-04-20 17:13:20.680 [main] INFO  o.s.b.t.context.SpringBootTestContextBootstrapper - Using TestExecutionListeners: [org.springframework.test.context.web.ServletTestExecutionListener@1cf56a1c, org.springframework.test.context.support.DirtiesContextBeforeModesTestExecutionListener@33f676f6, org.springframework.test.context.event.ApplicationEventsTestExecutionListener@4c5ae43b, org.springframework.boot.test.mock.mockito.MockitoTestExecutionListener@264f218, org.springframework.boot.test.autoconfigure.SpringBootDependencyInjectionTestExecutionListener@3576ddc2, org.springframework.test.context.support.DirtiesContextTestExecutionListener@35b74c5c, org.springframework.test.context.transaction.TransactionalTestExecutionListener@2e570ded, org.springframework.test.context.jdbc.SqlScriptsTestExecutionListener@b86de0d, org.springframework.test.context.event.EventPublishingTestExecutionListener@81d9a72, org.springframework.boot.test.mock.mockito.ResetMocksTestExecutionListener@747f281, org.springframework.boot.test.autoconfigure.restdocs.RestDocsTestExecutionListener@1169afe1, org.springframework.boot.test.autoconfigure.web.client.MockRestServiceServerResetTestExecutionListener@2ca26d77, org.springframework.boot.test.autoconfigure.web.servlet.MockMvcPrintOnlyOnFailureTestExecutionListener@4808bc9b, org.springframework.boot.test.autoconfigure.web.servlet.WebDriverTestExecutionListener@70e38ce1, org.springframework.boot.test.autoconfigure.webservices.client.MockWebServiceServerTestExecutionListener@2ca923bb]
2023-04-20 17:13:21.018 [main] INFO  edu.nuist.dao.DaoTest - Starting DaoTest using Java 1.8.0_311 on DESKTOP-MM7P5T2 with PID 8716 (started by luwen in D:\Projects\ActualProjects\experiment_ai-master\experiment-back\experiment-web)
2023-04-20 17:13:21.019 [main] INFO  edu.nuist.dao.DaoTest - The following profiles are active: dao
2023-04-20 17:13:23.000 [main] INFO  s.d.s.w.PropertySourcedRequestMappingHandlerMapping - Mapped URL path [/v2/api-docs] onto method [springfox.documentation.swagger2.web.Swagger2Controller#getDocumentation(String, HttpServletRequest)]
2023-04-20 17:13:23.304 [main] INFO  o.s.scheduling.concurrent.ThreadPoolTaskExecutor - Initializing ExecutorService 'applicationTaskExecutor'
2023-04-20 17:13:23.640 [main] INFO  s.d.s.web.plugins.DocumentationPluginsBootstrapper - Context refreshed
2023-04-20 17:13:23.667 [main] INFO  s.d.s.web.plugins.DocumentationPluginsBootstrapper - Found 1 custom documentation plugin(s)
2023-04-20 17:13:23.695 [main] INFO  s.d.spring.web.scanners.ApiListingReferenceScanner - Scanning for api listing references
2023-04-20 17:13:23.927 [main] INFO  s.d.s.w.r.operation.CachingOperationNameGenerator - Generating unique operation named: addStudentUsingPOST_1
2023-04-20 17:13:23.941 [main] INFO  s.d.s.w.r.operation.CachingOperationNameGenerator - Generating unique operation named: getAllLessonsUsingPOST_1
2023-04-20 17:13:24.000 [main] INFO  edu.nuist.dao.DaoTest - Started DaoTest in 3.251 seconds (JVM running for 4.323)
2023-04-20 17:13:24.268 [main] INFO  com.zaxxer.hikari.HikariDataSource - HikariPool-1 - Starting...
2023-04-20 17:13:24.456 [main] INFO  com.zaxxer.hikari.HikariDataSource - HikariPool-1 - Start completed.
2023-04-20 17:13:24.516 [SpringContextShutdownHook] INFO  o.s.scheduling.concurrent.ThreadPoolTaskExecutor - Shutting down ExecutorService 'applicationTaskExecutor'
2023-04-20 17:13:24.518 [SpringContextShutdownHook] INFO  com.zaxxer.hikari.HikariDataSource - HikariPool-1 - Shutdown initiated...
2023-04-20 17:13:24.566 [SpringContextShutdownHook] INFO  com.zaxxer.hikari.HikariDataSource - HikariPool-1 - Shutdown completed.
2023-04-20 17:14:00.500 [main] INFO  o.s.b.t.context.SpringBootTestContextBootstrapper - Neither @ContextConfiguration nor @ContextHierarchy found for test class [edu.nuist.dao.DaoTest], using SpringBootContextLoader
2023-04-20 17:14:00.506 [main] INFO  o.s.test.context.support.AbstractContextLoader - Could not detect default resource locations for test class [edu.nuist.dao.DaoTest]: no resource found for suffixes {-context.xml, Context.groovy}.
2023-04-20 17:14:00.506 [main] INFO  o.s.t.c.support.AnnotationConfigContextLoaderUtils - Could not detect default configuration classes for test class [edu.nuist.dao.DaoTest]: DaoTest does not declare any static, non-private, non-final, nested classes annotated with @Configuration.
2023-04-20 17:14:00.630 [main] INFO  o.s.b.t.context.SpringBootTestContextBootstrapper - Found @SpringBootConfiguration edu.nuist.ExperimentWebApplication for test class edu.nuist.dao.DaoTest
2023-04-20 17:14:00.723 [main] INFO  o.s.b.t.context.SpringBootTestContextBootstrapper - Loaded default TestExecutionListener class names from location [META-INF/spring.factories]: [org.springframework.boot.test.mock.mockito.MockitoTestExecutionListener, org.springframework.boot.test.mock.mockito.ResetMocksTestExecutionListener, org.springframework.boot.test.autoconfigure.restdocs.RestDocsTestExecutionListener, org.springframework.boot.test.autoconfigure.web.client.MockRestServiceServerResetTestExecutionListener, org.springframework.boot.test.autoconfigure.web.servlet.MockMvcPrintOnlyOnFailureTestExecutionListener, org.springframework.boot.test.autoconfigure.web.servlet.WebDriverTestExecutionListener, org.springframework.boot.test.autoconfigure.webservices.client.MockWebServiceServerTestExecutionListener, org.springframework.test.context.web.ServletTestExecutionListener, org.springframework.test.context.support.DirtiesContextBeforeModesTestExecutionListener, org.springframework.test.context.event.ApplicationEventsTestExecutionListener, org.springframework.test.context.support.DependencyInjectionTestExecutionListener, org.springframework.test.context.support.DirtiesContextTestExecutionListener, org.springframework.test.context.transaction.TransactionalTestExecutionListener, org.springframework.test.context.jdbc.SqlScriptsTestExecutionListener, org.springframework.test.context.event.EventPublishingTestExecutionListener]
2023-04-20 17:14:00.739 [main] INFO  o.s.b.t.context.SpringBootTestContextBootstrapper - Using TestExecutionListeners: [org.springframework.test.context.web.ServletTestExecutionListener@1cf56a1c, org.springframework.test.context.support.DirtiesContextBeforeModesTestExecutionListener@33f676f6, org.springframework.test.context.event.ApplicationEventsTestExecutionListener@4c5ae43b, org.springframework.boot.test.mock.mockito.MockitoTestExecutionListener@264f218, org.springframework.boot.test.autoconfigure.SpringBootDependencyInjectionTestExecutionListener@3576ddc2, org.springframework.test.context.support.DirtiesContextTestExecutionListener@35b74c5c, org.springframework.test.context.transaction.TransactionalTestExecutionListener@2e570ded, org.springframework.test.context.jdbc.SqlScriptsTestExecutionListener@b86de0d, org.springframework.test.context.event.EventPublishingTestExecutionListener@81d9a72, org.springframework.boot.test.mock.mockito.ResetMocksTestExecutionListener@747f281, org.springframework.boot.test.autoconfigure.restdocs.RestDocsTestExecutionListener@1169afe1, org.springframework.boot.test.autoconfigure.web.client.MockRestServiceServerResetTestExecutionListener@2ca26d77, org.springframework.boot.test.autoconfigure.web.servlet.MockMvcPrintOnlyOnFailureTestExecutionListener@4808bc9b, org.springframework.boot.test.autoconfigure.web.servlet.WebDriverTestExecutionListener@70e38ce1, org.springframework.boot.test.autoconfigure.webservices.client.MockWebServiceServerTestExecutionListener@2ca923bb]
2023-04-20 17:14:01.013 [main] INFO  edu.nuist.dao.DaoTest - Starting DaoTest using Java 1.8.0_311 on DESKTOP-MM7P5T2 with PID 22048 (started by luwen in D:\Projects\ActualProjects\experiment_ai-master\experiment-back\experiment-web)
2023-04-20 17:14:01.013 [main] INFO  edu.nuist.dao.DaoTest - The following profiles are active: dao
2023-04-20 17:14:02.768 [main] INFO  s.d.s.w.PropertySourcedRequestMappingHandlerMapping - Mapped URL path [/v2/api-docs] onto method [springfox.documentation.swagger2.web.Swagger2Controller#getDocumentation(String, HttpServletRequest)]
2023-04-20 17:14:02.968 [main] INFO  o.s.scheduling.concurrent.ThreadPoolTaskExecutor - Initializing ExecutorService 'applicationTaskExecutor'
2023-04-20 17:14:03.258 [main] INFO  s.d.s.web.plugins.DocumentationPluginsBootstrapper - Context refreshed
2023-04-20 17:14:03.276 [main] INFO  s.d.s.web.plugins.DocumentationPluginsBootstrapper - Found 1 custom documentation plugin(s)
2023-04-20 17:14:03.302 [main] INFO  s.d.spring.web.scanners.ApiListingReferenceScanner - Scanning for api listing references
2023-04-20 17:14:03.518 [main] INFO  s.d.s.w.r.operation.CachingOperationNameGenerator - Generating unique operation named: addStudentUsingPOST_1
2023-04-20 17:14:03.532 [main] INFO  s.d.s.w.r.operation.CachingOperationNameGenerator - Generating unique operation named: getAllLessonsUsingPOST_1
2023-04-20 17:14:03.571 [main] INFO  edu.nuist.dao.DaoTest - Started DaoTest in 2.796 seconds (JVM running for 3.672)
2023-04-20 17:14:03.732 [main] INFO  com.zaxxer.hikari.HikariDataSource - HikariPool-1 - Starting...
2023-04-20 17:14:03.910 [main] INFO  com.zaxxer.hikari.HikariDataSource - HikariPool-1 - Start completed.
2023-04-20 17:14:03.974 [SpringContextShutdownHook] INFO  o.s.scheduling.concurrent.ThreadPoolTaskExecutor - Shutting down ExecutorService 'applicationTaskExecutor'
2023-04-20 17:14:03.977 [SpringContextShutdownHook] INFO  com.zaxxer.hikari.HikariDataSource - HikariPool-1 - Shutdown initiated...
2023-04-20 17:14:03.981 [SpringContextShutdownHook] INFO  com.zaxxer.hikari.HikariDataSource - HikariPool-1 - Shutdown completed.
2023-04-20 17:14:30.151 [main] INFO  o.s.b.t.context.SpringBootTestContextBootstrapper - Neither @ContextConfiguration nor @ContextHierarchy found for test class [edu.nuist.dao.DaoTest], using SpringBootContextLoader
2023-04-20 17:14:30.157 [main] INFO  o.s.test.context.support.AbstractContextLoader - Could not detect default resource locations for test class [edu.nuist.dao.DaoTest]: no resource found for suffixes {-context.xml, Context.groovy}.
2023-04-20 17:14:30.158 [main] INFO  o.s.t.c.support.AnnotationConfigContextLoaderUtils - Could not detect default configuration classes for test class [edu.nuist.dao.DaoTest]: DaoTest does not declare any static, non-private, non-final, nested classes annotated with @Configuration.
2023-04-20 17:14:30.284 [main] INFO  o.s.b.t.context.SpringBootTestContextBootstrapper - Found @SpringBootConfiguration edu.nuist.ExperimentWebApplication for test class edu.nuist.dao.DaoTest
2023-04-20 17:14:30.373 [main] INFO  o.s.b.t.context.SpringBootTestContextBootstrapper - Loaded default TestExecutionListener class names from location [META-INF/spring.factories]: [org.springframework.boot.test.mock.mockito.MockitoTestExecutionListener, org.springframework.boot.test.mock.mockito.ResetMocksTestExecutionListener, org.springframework.boot.test.autoconfigure.restdocs.RestDocsTestExecutionListener, org.springframework.boot.test.autoconfigure.web.client.MockRestServiceServerResetTestExecutionListener, org.springframework.boot.test.autoconfigure.web.servlet.MockMvcPrintOnlyOnFailureTestExecutionListener, org.springframework.boot.test.autoconfigure.web.servlet.WebDriverTestExecutionListener, org.springframework.boot.test.autoconfigure.webservices.client.MockWebServiceServerTestExecutionListener, org.springframework.test.context.web.ServletTestExecutionListener, org.springframework.test.context.support.DirtiesContextBeforeModesTestExecutionListener, org.springframework.test.context.event.ApplicationEventsTestExecutionListener, org.springframework.test.context.support.DependencyInjectionTestExecutionListener, org.springframework.test.context.support.DirtiesContextTestExecutionListener, org.springframework.test.context.transaction.TransactionalTestExecutionListener, org.springframework.test.context.jdbc.SqlScriptsTestExecutionListener, org.springframework.test.context.event.EventPublishingTestExecutionListener]
2023-04-20 17:14:30.391 [main] INFO  o.s.b.t.context.SpringBootTestContextBootstrapper - Using TestExecutionListeners: [org.springframework.test.context.web.ServletTestExecutionListener@1cf56a1c, org.springframework.test.context.support.DirtiesContextBeforeModesTestExecutionListener@33f676f6, org.springframework.test.context.event.ApplicationEventsTestExecutionListener@4c5ae43b, org.springframework.boot.test.mock.mockito.MockitoTestExecutionListener@264f218, org.springframework.boot.test.autoconfigure.SpringBootDependencyInjectionTestExecutionListener@3576ddc2, org.springframework.test.context.support.DirtiesContextTestExecutionListener@35b74c5c, org.springframework.test.context.transaction.TransactionalTestExecutionListener@2e570ded, org.springframework.test.context.jdbc.SqlScriptsTestExecutionListener@b86de0d, org.springframework.test.context.event.EventPublishingTestExecutionListener@81d9a72, org.springframework.boot.test.mock.mockito.ResetMocksTestExecutionListener@747f281, org.springframework.boot.test.autoconfigure.restdocs.RestDocsTestExecutionListener@1169afe1, org.springframework.boot.test.autoconfigure.web.client.MockRestServiceServerResetTestExecutionListener@2ca26d77, org.springframework.boot.test.autoconfigure.web.servlet.MockMvcPrintOnlyOnFailureTestExecutionListener@4808bc9b, org.springframework.boot.test.autoconfigure.web.servlet.WebDriverTestExecutionListener@70e38ce1, org.springframework.boot.test.autoconfigure.webservices.client.MockWebServiceServerTestExecutionListener@2ca923bb]
2023-04-20 17:14:30.660 [main] INFO  edu.nuist.dao.DaoTest - Starting DaoTest using Java 1.8.0_311 on DESKTOP-MM7P5T2 with PID 3360 (started by luwen in D:\Projects\ActualProjects\experiment_ai-master\experiment-back\experiment-web)
2023-04-20 17:14:30.660 [main] INFO  edu.nuist.dao.DaoTest - The following profiles are active: dao
2023-04-20 17:14:32.461 [main] INFO  s.d.s.w.PropertySourcedRequestMappingHandlerMapping - Mapped URL path [/v2/api-docs] onto method [springfox.documentation.swagger2.web.Swagger2Controller#getDocumentation(String, HttpServletRequest)]
2023-04-20 17:14:32.678 [main] INFO  o.s.scheduling.concurrent.ThreadPoolTaskExecutor - Initializing ExecutorService 'applicationTaskExecutor'
2023-04-20 17:14:32.979 [main] INFO  s.d.s.web.plugins.DocumentationPluginsBootstrapper - Context refreshed
2023-04-20 17:14:32.998 [main] INFO  s.d.s.web.plugins.DocumentationPluginsBootstrapper - Found 1 custom documentation plugin(s)
2023-04-20 17:14:33.028 [main] INFO  s.d.spring.web.scanners.ApiListingReferenceScanner - Scanning for api listing references
2023-04-20 17:14:33.257 [main] INFO  s.d.s.w.r.operation.CachingOperationNameGenerator - Generating unique operation named: addStudentUsingPOST_1
2023-04-20 17:14:33.271 [main] INFO  s.d.s.w.r.operation.CachingOperationNameGenerator - Generating unique operation named: getAllLessonsUsingPOST_1
2023-04-20 17:14:33.314 [main] INFO  edu.nuist.dao.DaoTest - Started DaoTest in 2.883 seconds (JVM running for 3.754)
2023-04-20 17:14:33.477 [main] INFO  com.zaxxer.hikari.HikariDataSource - HikariPool-1 - Starting...
2023-04-20 17:14:33.655 [main] INFO  com.zaxxer.hikari.HikariDataSource - HikariPool-1 - Start completed.
2023-04-20 17:14:33.722 [SpringContextShutdownHook] INFO  o.s.scheduling.concurrent.ThreadPoolTaskExecutor - Shutting down ExecutorService 'applicationTaskExecutor'
2023-04-20 17:14:33.725 [SpringContextShutdownHook] INFO  com.zaxxer.hikari.HikariDataSource - HikariPool-1 - Shutdown initiated...
2023-04-20 17:14:33.730 [SpringContextShutdownHook] INFO  com.zaxxer.hikari.HikariDataSource - HikariPool-1 - Shutdown completed.
2023-04-20 17:24:13.242 [main] INFO  o.s.b.t.context.SpringBootTestContextBootstrapper - Neither @ContextConfiguration nor @ContextHierarchy found for test class [edu.nuist.dao.DaoTest], using SpringBootContextLoader
2023-04-20 17:24:13.247 [main] INFO  o.s.test.context.support.AbstractContextLoader - Could not detect default resource locations for test class [edu.nuist.dao.DaoTest]: no resource found for suffixes {-context.xml, Context.groovy}.
2023-04-20 17:24:13.247 [main] INFO  o.s.t.c.support.AnnotationConfigContextLoaderUtils - Could not detect default configuration classes for test class [edu.nuist.dao.DaoTest]: DaoTest does not declare any static, non-private, non-final, nested classes annotated with @Configuration.
2023-04-20 17:24:13.381 [main] INFO  o.s.b.t.context.SpringBootTestContextBootstrapper - Found @SpringBootConfiguration edu.nuist.ExperimentWebApplication for test class edu.nuist.dao.DaoTest
2023-04-20 17:24:13.475 [main] INFO  o.s.b.t.context.SpringBootTestContextBootstrapper - Loaded default TestExecutionListener class names from location [META-INF/spring.factories]: [org.springframework.boot.test.mock.mockito.MockitoTestExecutionListener, org.springframework.boot.test.mock.mockito.ResetMocksTestExecutionListener, org.springframework.boot.test.autoconfigure.restdocs.RestDocsTestExecutionListener, org.springframework.boot.test.autoconfigure.web.client.MockRestServiceServerResetTestExecutionListener, org.springframework.boot.test.autoconfigure.web.servlet.MockMvcPrintOnlyOnFailureTestExecutionListener, org.springframework.boot.test.autoconfigure.web.servlet.WebDriverTestExecutionListener, org.springframework.boot.test.autoconfigure.webservices.client.MockWebServiceServerTestExecutionListener, org.springframework.test.context.web.ServletTestExecutionListener, org.springframework.test.context.support.DirtiesContextBeforeModesTestExecutionListener, org.springframework.test.context.event.ApplicationEventsTestExecutionListener, org.springframework.test.context.support.DependencyInjectionTestExecutionListener, org.springframework.test.context.support.DirtiesContextTestExecutionListener, org.springframework.test.context.transaction.TransactionalTestExecutionListener, org.springframework.test.context.jdbc.SqlScriptsTestExecutionListener, org.springframework.test.context.event.EventPublishingTestExecutionListener]
2023-04-20 17:24:13.546 [main] INFO  o.s.b.t.context.SpringBootTestContextBootstrapper - Using TestExecutionListeners: [org.springframework.test.context.web.ServletTestExecutionListener@1cf56a1c, org.springframework.test.context.support.DirtiesContextBeforeModesTestExecutionListener@33f676f6, org.springframework.test.context.event.ApplicationEventsTestExecutionListener@4c5ae43b, org.springframework.boot.test.mock.mockito.MockitoTestExecutionListener@264f218, org.springframework.boot.test.autoconfigure.SpringBootDependencyInjectionTestExecutionListener@3576ddc2, org.springframework.test.context.support.DirtiesContextTestExecutionListener@35b74c5c, org.springframework.test.context.transaction.TransactionalTestExecutionListener@2e570ded, org.springframework.test.context.jdbc.SqlScriptsTestExecutionListener@b86de0d, org.springframework.test.context.event.EventPublishingTestExecutionListener@81d9a72, org.springframework.boot.test.mock.mockito.ResetMocksTestExecutionListener@747f281, org.springframework.boot.test.autoconfigure.restdocs.RestDocsTestExecutionListener@1169afe1, org.springframework.boot.test.autoconfigure.web.client.MockRestServiceServerResetTestExecutionListener@2ca26d77, org.springframework.boot.test.autoconfigure.web.servlet.MockMvcPrintOnlyOnFailureTestExecutionListener@4808bc9b, org.springframework.boot.test.autoconfigure.web.servlet.WebDriverTestExecutionListener@70e38ce1, org.springframework.boot.test.autoconfigure.webservices.client.MockWebServiceServerTestExecutionListener@2ca923bb]
2023-04-20 17:24:13.821 [main] INFO  edu.nuist.dao.DaoTest - Starting DaoTest using Java 1.8.0_311 on DESKTOP-MM7P5T2 with PID 2568 (started by luwen in D:\Projects\ActualProjects\experiment_ai-master\experiment-back\experiment-web)
2023-04-20 17:24:13.821 [main] INFO  edu.nuist.dao.DaoTest - The following profiles are active: dao
2023-04-20 17:24:15.680 [main] INFO  s.d.s.w.PropertySourcedRequestMappingHandlerMapping - Mapped URL path [/v2/api-docs] onto method [springfox.documentation.swagger2.web.Swagger2Controller#getDocumentation(String, HttpServletRequest)]
2023-04-20 17:24:15.899 [main] INFO  o.s.scheduling.concurrent.ThreadPoolTaskExecutor - Initializing ExecutorService 'applicationTaskExecutor'
2023-04-20 17:24:16.203 [main] INFO  s.d.s.web.plugins.DocumentationPluginsBootstrapper - Context refreshed
2023-04-20 17:24:16.224 [main] INFO  s.d.s.web.plugins.DocumentationPluginsBootstrapper - Found 1 custom documentation plugin(s)
2023-04-20 17:24:16.251 [main] INFO  s.d.spring.web.scanners.ApiListingReferenceScanner - Scanning for api listing references
2023-04-20 17:24:16.474 [main] INFO  s.d.s.w.r.operation.CachingOperationNameGenerator - Generating unique operation named: addStudentUsingPOST_1
2023-04-20 17:24:16.491 [main] INFO  s.d.s.w.r.operation.CachingOperationNameGenerator - Generating unique operation named: getAllLessonsUsingPOST_1
2023-04-20 17:24:16.540 [main] INFO  edu.nuist.dao.DaoTest - Started DaoTest in 2.959 seconds (JVM running for 3.955)
2023-04-20 17:24:16.714 [main] INFO  com.zaxxer.hikari.HikariDataSource - HikariPool-1 - Starting...
2023-04-20 17:24:16.909 [main] INFO  com.zaxxer.hikari.HikariDataSource - HikariPool-1 - Start completed.
2023-04-20 17:24:16.978 [SpringContextShutdownHook] INFO  o.s.scheduling.concurrent.ThreadPoolTaskExecutor - Shutting down ExecutorService 'applicationTaskExecutor'
2023-04-20 17:24:16.981 [SpringContextShutdownHook] INFO  com.zaxxer.hikari.HikariDataSource - HikariPool-1 - Shutdown initiated...
2023-04-20 17:24:16.988 [SpringContextShutdownHook] INFO  com.zaxxer.hikari.HikariDataSource - HikariPool-1 - Shutdown completed.
2023-04-20 17:30:24.191 [main] INFO  o.s.b.t.context.SpringBootTestContextBootstrapper - Neither @ContextConfiguration nor @ContextHierarchy found for test class [edu.nuist.dao.DaoTest], using SpringBootContextLoader
2023-04-20 17:30:24.198 [main] INFO  o.s.test.context.support.AbstractContextLoader - Could not detect default resource locations for test class [edu.nuist.dao.DaoTest]: no resource found for suffixes {-context.xml, Context.groovy}.
2023-04-20 17:30:24.199 [main] INFO  o.s.t.c.support.AnnotationConfigContextLoaderUtils - Could not detect default configuration classes for test class [edu.nuist.dao.DaoTest]: DaoTest does not declare any static, non-private, non-final, nested classes annotated with @Configuration.
2023-04-20 17:30:24.325 [main] INFO  o.s.b.t.context.SpringBootTestContextBootstrapper - Found @SpringBootConfiguration edu.nuist.ExperimentWebApplication for test class edu.nuist.dao.DaoTest
2023-04-20 17:30:24.428 [main] INFO  o.s.b.t.context.SpringBootTestContextBootstrapper - Loaded default TestExecutionListener class names from location [META-INF/spring.factories]: [org.springframework.boot.test.mock.mockito.MockitoTestExecutionListener, org.springframework.boot.test.mock.mockito.ResetMocksTestExecutionListener, org.springframework.boot.test.autoconfigure.restdocs.RestDocsTestExecutionListener, org.springframework.boot.test.autoconfigure.web.client.MockRestServiceServerResetTestExecutionListener, org.springframework.boot.test.autoconfigure.web.servlet.MockMvcPrintOnlyOnFailureTestExecutionListener, org.springframework.boot.test.autoconfigure.web.servlet.WebDriverTestExecutionListener, org.springframework.boot.test.autoconfigure.webservices.client.MockWebServiceServerTestExecutionListener, org.springframework.test.context.web.ServletTestExecutionListener, org.springframework.test.context.support.DirtiesContextBeforeModesTestExecutionListener, org.springframework.test.context.event.ApplicationEventsTestExecutionListener, org.springframework.test.context.support.DependencyInjectionTestExecutionListener, org.springframework.test.context.support.DirtiesContextTestExecutionListener, org.springframework.test.context.transaction.TransactionalTestExecutionListener, org.springframework.test.context.jdbc.SqlScriptsTestExecutionListener, org.springframework.test.context.event.EventPublishingTestExecutionListener]
2023-04-20 17:30:24.453 [main] INFO  o.s.b.t.context.SpringBootTestContextBootstrapper - Using TestExecutionListeners: [org.springframework.test.context.web.ServletTestExecutionListener@1cf56a1c, org.springframework.test.context.support.DirtiesContextBeforeModesTestExecutionListener@33f676f6, org.springframework.test.context.event.ApplicationEventsTestExecutionListener@4c5ae43b, org.springframework.boot.test.mock.mockito.MockitoTestExecutionListener@264f218, org.springframework.boot.test.autoconfigure.SpringBootDependencyInjectionTestExecutionListener@3576ddc2, org.springframework.test.context.support.DirtiesContextTestExecutionListener@35b74c5c, org.springframework.test.context.transaction.TransactionalTestExecutionListener@2e570ded, org.springframework.test.context.jdbc.SqlScriptsTestExecutionListener@b86de0d, org.springframework.test.context.event.EventPublishingTestExecutionListener@81d9a72, org.springframework.boot.test.mock.mockito.ResetMocksTestExecutionListener@747f281, org.springframework.boot.test.autoconfigure.restdocs.RestDocsTestExecutionListener@1169afe1, org.springframework.boot.test.autoconfigure.web.client.MockRestServiceServerResetTestExecutionListener@2ca26d77, org.springframework.boot.test.autoconfigure.web.servlet.MockMvcPrintOnlyOnFailureTestExecutionListener@4808bc9b, org.springframework.boot.test.autoconfigure.web.servlet.WebDriverTestExecutionListener@70e38ce1, org.springframework.boot.test.autoconfigure.webservices.client.MockWebServiceServerTestExecutionListener@2ca923bb]
2023-04-20 17:30:24.730 [main] INFO  edu.nuist.dao.DaoTest - Starting DaoTest using Java 1.8.0_311 on DESKTOP-MM7P5T2 with PID 20672 (started by luwen in D:\Projects\ActualProjects\experiment_ai-master\experiment-back\experiment-web)
2023-04-20 17:30:24.730 [main] INFO  edu.nuist.dao.DaoTest - The following profiles are active: dao
2023-04-20 17:30:26.531 [main] INFO  s.d.s.w.PropertySourcedRequestMappingHandlerMapping - Mapped URL path [/v2/api-docs] onto method [springfox.documentation.swagger2.web.Swagger2Controller#getDocumentation(String, HttpServletRequest)]
2023-04-20 17:30:26.760 [main] INFO  o.s.scheduling.concurrent.ThreadPoolTaskExecutor - Initializing ExecutorService 'applicationTaskExecutor'
2023-04-20 17:30:27.052 [main] INFO  s.d.s.web.plugins.DocumentationPluginsBootstrapper - Context refreshed
2023-04-20 17:30:27.071 [main] INFO  s.d.s.web.plugins.DocumentationPluginsBootstrapper - Found 1 custom documentation plugin(s)
2023-04-20 17:30:27.097 [main] INFO  s.d.spring.web.scanners.ApiListingReferenceScanner - Scanning for api listing references
2023-04-20 17:30:27.322 [main] INFO  s.d.s.w.r.operation.CachingOperationNameGenerator - Generating unique operation named: addStudentUsingPOST_1
2023-04-20 17:30:27.336 [main] INFO  s.d.s.w.r.operation.CachingOperationNameGenerator - Generating unique operation named: getAllLessonsUsingPOST_1
2023-04-20 17:30:27.379 [main] INFO  edu.nuist.dao.DaoTest - Started DaoTest in 2.886 seconds (JVM running for 3.933)
2023-04-20 17:30:27.542 [main] INFO  com.zaxxer.hikari.HikariDataSource - HikariPool-1 - Starting...
2023-04-20 17:30:27.721 [main] INFO  com.zaxxer.hikari.HikariDataSource - HikariPool-1 - Start completed.
2023-04-20 17:30:27.788 [SpringContextShutdownHook] INFO  o.s.scheduling.concurrent.ThreadPoolTaskExecutor - Shutting down ExecutorService 'applicationTaskExecutor'
2023-04-20 17:30:27.791 [SpringContextShutdownHook] INFO  com.zaxxer.hikari.HikariDataSource - HikariPool-1 - Shutdown initiated...
2023-04-20 17:30:27.797 [SpringContextShutdownHook] INFO  com.zaxxer.hikari.HikariDataSource - HikariPool-1 - Shutdown completed.
2023-04-20 17:33:16.450 [main] INFO  o.s.b.t.context.SpringBootTestContextBootstrapper - Neither @ContextConfiguration nor @ContextHierarchy found for test class [edu.nuist.dao.DaoTest], using SpringBootContextLoader
2023-04-20 17:33:16.455 [main] INFO  o.s.test.context.support.AbstractContextLoader - Could not detect default resource locations for test class [edu.nuist.dao.DaoTest]: no resource found for suffixes {-context.xml, Context.groovy}.
2023-04-20 17:33:16.456 [main] INFO  o.s.t.c.support.AnnotationConfigContextLoaderUtils - Could not detect default configuration classes for test class [edu.nuist.dao.DaoTest]: DaoTest does not declare any static, non-private, non-final, nested classes annotated with @Configuration.
2023-04-20 17:33:16.585 [main] INFO  o.s.b.t.context.SpringBootTestContextBootstrapper - Found @SpringBootConfiguration edu.nuist.ExperimentWebApplication for test class edu.nuist.dao.DaoTest
2023-04-20 17:33:16.678 [main] INFO  o.s.b.t.context.SpringBootTestContextBootstrapper - Loaded default TestExecutionListener class names from location [META-INF/spring.factories]: [org.springframework.boot.test.mock.mockito.MockitoTestExecutionListener, org.springframework.boot.test.mock.mockito.ResetMocksTestExecutionListener, org.springframework.boot.test.autoconfigure.restdocs.RestDocsTestExecutionListener, org.springframework.boot.test.autoconfigure.web.client.MockRestServiceServerResetTestExecutionListener, org.springframework.boot.test.autoconfigure.web.servlet.MockMvcPrintOnlyOnFailureTestExecutionListener, org.springframework.boot.test.autoconfigure.web.servlet.WebDriverTestExecutionListener, org.springframework.boot.test.autoconfigure.webservices.client.MockWebServiceServerTestExecutionListener, org.springframework.test.context.web.ServletTestExecutionListener, org.springframework.test.context.support.DirtiesContextBeforeModesTestExecutionListener, org.springframework.test.context.event.ApplicationEventsTestExecutionListener, org.springframework.test.context.support.DependencyInjectionTestExecutionListener, org.springframework.test.context.support.DirtiesContextTestExecutionListener, org.springframework.test.context.transaction.TransactionalTestExecutionListener, org.springframework.test.context.jdbc.SqlScriptsTestExecutionListener, org.springframework.test.context.event.EventPublishingTestExecutionListener]
2023-04-20 17:33:16.693 [main] INFO  o.s.b.t.context.SpringBootTestContextBootstrapper - Using TestExecutionListeners: [org.springframework.test.context.web.ServletTestExecutionListener@1cf56a1c, org.springframework.test.context.support.DirtiesContextBeforeModesTestExecutionListener@33f676f6, org.springframework.test.context.event.ApplicationEventsTestExecutionListener@4c5ae43b, org.springframework.boot.test.mock.mockito.MockitoTestExecutionListener@264f218, org.springframework.boot.test.autoconfigure.SpringBootDependencyInjectionTestExecutionListener@3576ddc2, org.springframework.test.context.support.DirtiesContextTestExecutionListener@35b74c5c, org.springframework.test.context.transaction.TransactionalTestExecutionListener@2e570ded, org.springframework.test.context.jdbc.SqlScriptsTestExecutionListener@b86de0d, org.springframework.test.context.event.EventPublishingTestExecutionListener@81d9a72, org.springframework.boot.test.mock.mockito.ResetMocksTestExecutionListener@747f281, org.springframework.boot.test.autoconfigure.restdocs.RestDocsTestExecutionListener@1169afe1, org.springframework.boot.test.autoconfigure.web.client.MockRestServiceServerResetTestExecutionListener@2ca26d77, org.springframework.boot.test.autoconfigure.web.servlet.MockMvcPrintOnlyOnFailureTestExecutionListener@4808bc9b, org.springframework.boot.test.autoconfigure.web.servlet.WebDriverTestExecutionListener@70e38ce1, org.springframework.boot.test.autoconfigure.webservices.client.MockWebServiceServerTestExecutionListener@2ca923bb]
2023-04-20 17:33:16.960 [main] INFO  edu.nuist.dao.DaoTest - Starting DaoTest using Java 1.8.0_311 on DESKTOP-MM7P5T2 with PID 24216 (started by luwen in D:\Projects\ActualProjects\experiment_ai-master\experiment-back\experiment-web)
2023-04-20 17:33:16.960 [main] INFO  edu.nuist.dao.DaoTest - The following profiles are active: dao
2023-04-20 17:33:18.883 [main] INFO  s.d.s.w.PropertySourcedRequestMappingHandlerMapping - Mapped URL path [/v2/api-docs] onto method [springfox.documentation.swagger2.web.Swagger2Controller#getDocumentation(String, HttpServletRequest)]
2023-04-20 17:33:19.091 [main] INFO  o.s.scheduling.concurrent.ThreadPoolTaskExecutor - Initializing ExecutorService 'applicationTaskExecutor'
2023-04-20 17:33:19.388 [main] INFO  s.d.s.web.plugins.DocumentationPluginsBootstrapper - Context refreshed
2023-04-20 17:33:19.409 [main] INFO  s.d.s.web.plugins.DocumentationPluginsBootstrapper - Found 1 custom documentation plugin(s)
2023-04-20 17:33:19.439 [main] INFO  s.d.spring.web.scanners.ApiListingReferenceScanner - Scanning for api listing references
2023-04-20 17:33:19.682 [main] INFO  s.d.s.w.r.operation.CachingOperationNameGenerator - Generating unique operation named: addStudentUsingPOST_1
2023-04-20 17:33:19.697 [main] INFO  s.d.s.w.r.operation.CachingOperationNameGenerator - Generating unique operation named: getAllLessonsUsingPOST_1
2023-04-20 17:33:19.741 [main] INFO  edu.nuist.dao.DaoTest - Started DaoTest in 3.012 seconds (JVM running for 3.911)
2023-04-20 17:33:19.909 [main] INFO  com.zaxxer.hikari.HikariDataSource - HikariPool-1 - Starting...
2023-04-20 17:33:20.093 [main] INFO  com.zaxxer.hikari.HikariDataSource - HikariPool-1 - Start completed.
2023-04-20 17:33:20.157 [SpringContextShutdownHook] INFO  o.s.scheduling.concurrent.ThreadPoolTaskExecutor - Shutting down ExecutorService 'applicationTaskExecutor'
2023-04-20 17:33:20.160 [SpringContextShutdownHook] INFO  com.zaxxer.hikari.HikariDataSource - HikariPool-1 - Shutdown initiated...
2023-04-20 17:33:20.167 [SpringContextShutdownHook] INFO  com.zaxxer.hikari.HikariDataSource - HikariPool-1 - Shutdown completed.
