2023-05-18 20:33:25.772 [main] INFO  o.s.b.t.context.SpringBootTestContextBootstrapper - Neither @ContextConfiguration nor @ContextHierarchy found for test class [edu.nuist.dao.DaoTest], using SpringBootContextLoader
2023-05-18 20:33:25.778 [main] INFO  o.s.test.context.support.AbstractContextLoader - Could not detect default resource locations for test class [edu.nuist.dao.DaoTest]: no resource found for suffixes {-context.xml, Context.groovy}.
2023-05-18 20:33:25.779 [main] INFO  o.s.t.c.support.AnnotationConfigContextLoaderUtils - Could not detect default configuration classes for test class [edu.nuist.dao.DaoTest]: DaoTest does not declare any static, non-private, non-final, nested classes annotated with @Configuration.
2023-05-18 20:33:26.215 [main] INFO  o.s.b.t.context.SpringBootTestContextBootstrapper - Found @SpringBootConfiguration edu.nuist.ExperimentWebApplication for test class edu.nuist.dao.DaoTest
2023-05-18 20:33:26.359 [main] INFO  o.s.b.t.context.SpringBootTestContextBootstrapper - Loaded default TestExecutionListener class names from location [META-INF/spring.factories]: [org.springframework.boot.test.mock.mockito.MockitoTestExecutionListener, org.springframework.boot.test.mock.mockito.ResetMocksTestExecutionListener, org.springframework.boot.test.autoconfigure.restdocs.RestDocsTestExecutionListener, org.springframework.boot.test.autoconfigure.web.client.MockRestServiceServerResetTestExecutionListener, org.springframework.boot.test.autoconfigure.web.servlet.MockMvcPrintOnlyOnFailureTestExecutionListener, org.springframework.boot.test.autoconfigure.web.servlet.WebDriverTestExecutionListener, org.springframework.boot.test.autoconfigure.webservices.client.MockWebServiceServerTestExecutionListener, org.springframework.test.context.web.ServletTestExecutionListener, org.springframework.test.context.support.DirtiesContextBeforeModesTestExecutionListener, org.springframework.test.context.event.ApplicationEventsTestExecutionListener, org.springframework.test.context.support.DependencyInjectionTestExecutionListener, org.springframework.test.context.support.DirtiesContextTestExecutionListener, org.springframework.test.context.transaction.TransactionalTestExecutionListener, org.springframework.test.context.jdbc.SqlScriptsTestExecutionListener, org.springframework.test.context.event.EventPublishingTestExecutionListener]
2023-05-18 20:33:26.376 [main] INFO  o.s.b.t.context.SpringBootTestContextBootstrapper - Using TestExecutionListeners: [org.springframework.test.context.web.ServletTestExecutionListener@1cf56a1c, org.springframework.test.context.support.DirtiesContextBeforeModesTestExecutionListener@33f676f6, org.springframework.test.context.event.ApplicationEventsTestExecutionListener@4c5ae43b, org.springframework.boot.test.mock.mockito.MockitoTestExecutionListener@264f218, org.springframework.boot.test.autoconfigure.SpringBootDependencyInjectionTestExecutionListener@3576ddc2, org.springframework.test.context.support.DirtiesContextTestExecutionListener@35b74c5c, org.springframework.test.context.transaction.TransactionalTestExecutionListener@2e570ded, org.springframework.test.context.jdbc.SqlScriptsTestExecutionListener@b86de0d, org.springframework.test.context.event.EventPublishingTestExecutionListener@81d9a72, org.springframework.boot.test.mock.mockito.ResetMocksTestExecutionListener@747f281, org.springframework.boot.test.autoconfigure.restdocs.RestDocsTestExecutionListener@1169afe1, org.springframework.boot.test.autoconfigure.web.client.MockRestServiceServerResetTestExecutionListener@2ca26d77, org.springframework.boot.test.autoconfigure.web.servlet.MockMvcPrintOnlyOnFailureTestExecutionListener@4808bc9b, org.springframework.boot.test.autoconfigure.web.servlet.WebDriverTestExecutionListener@70e38ce1, org.springframework.boot.test.autoconfigure.webservices.client.MockWebServiceServerTestExecutionListener@2ca923bb]
2023-05-18 20:33:26.747 [main] INFO  edu.nuist.dao.DaoTest - Starting DaoTest using Java 1.8.0_311 on DESKTOP-MM7P5T2 with PID 1084 (started by luwen in D:\Projects\ActualProjects\experiment_ai-master\experiment-back\experiment-web)
2023-05-18 20:33:26.747 [main] INFO  edu.nuist.dao.DaoTest - The following profiles are active: dao
2023-05-18 20:33:30.425 [main] INFO  s.d.s.w.PropertySourcedRequestMappingHandlerMapping - Mapped URL path [/v2/api-docs] onto method [springfox.documentation.swagger2.web.Swagger2Controller#getDocumentation(String, HttpServletRequest)]
2023-05-18 20:33:30.762 [main] INFO  o.s.scheduling.concurrent.ThreadPoolTaskExecutor - Initializing ExecutorService 'applicationTaskExecutor'
2023-05-18 20:33:31.151 [main] INFO  s.d.s.web.plugins.DocumentationPluginsBootstrapper - Context refreshed
2023-05-18 20:33:31.178 [main] INFO  s.d.s.web.plugins.DocumentationPluginsBootstrapper - Found 1 custom documentation plugin(s)
2023-05-18 20:33:31.224 [main] INFO  s.d.spring.web.scanners.ApiListingReferenceScanner - Scanning for api listing references
2023-05-18 20:33:31.670 [main] INFO  s.d.s.w.r.operation.CachingOperationNameGenerator - Generating unique operation named: getAllLessonsUsingPOST_1
2023-05-18 20:33:31.724 [main] INFO  edu.nuist.dao.DaoTest - Started DaoTest in 5.311 seconds (JVM running for 7.04)
2023-05-18 20:33:32.095 [main] INFO  com.zaxxer.hikari.HikariDataSource - HikariPool-1 - Starting...
2023-05-18 20:33:32.358 [main] INFO  com.zaxxer.hikari.HikariDataSource - HikariPool-1 - Start completed.
2023-05-18 20:33:32.522 [SpringContextShutdownHook] INFO  o.s.scheduling.concurrent.ThreadPoolTaskExecutor - Shutting down ExecutorService 'applicationTaskExecutor'
2023-05-18 20:33:32.526 [SpringContextShutdownHook] INFO  com.zaxxer.hikari.HikariDataSource - HikariPool-1 - Shutdown initiated...
2023-05-18 20:33:32.537 [SpringContextShutdownHook] INFO  com.zaxxer.hikari.HikariDataSource - HikariPool-1 - Shutdown completed.
2023-05-18 20:34:08.125 [main] INFO  o.s.b.t.context.SpringBootTestContextBootstrapper - Neither @ContextConfiguration nor @ContextHierarchy found for test class [edu.nuist.dao.DaoTest], using SpringBootContextLoader
2023-05-18 20:34:08.131 [main] INFO  o.s.test.context.support.AbstractContextLoader - Could not detect default resource locations for test class [edu.nuist.dao.DaoTest]: no resource found for suffixes {-context.xml, Context.groovy}.
2023-05-18 20:34:08.132 [main] INFO  o.s.t.c.support.AnnotationConfigContextLoaderUtils - Could not detect default configuration classes for test class [edu.nuist.dao.DaoTest]: DaoTest does not declare any static, non-private, non-final, nested classes annotated with @Configuration.
2023-05-18 20:34:08.335 [main] INFO  o.s.b.t.context.SpringBootTestContextBootstrapper - Found @SpringBootConfiguration edu.nuist.ExperimentWebApplication for test class edu.nuist.dao.DaoTest
2023-05-18 20:34:08.499 [main] INFO  o.s.b.t.context.SpringBootTestContextBootstrapper - Loaded default TestExecutionListener class names from location [META-INF/spring.factories]: [org.springframework.boot.test.mock.mockito.MockitoTestExecutionListener, org.springframework.boot.test.mock.mockito.ResetMocksTestExecutionListener, org.springframework.boot.test.autoconfigure.restdocs.RestDocsTestExecutionListener, org.springframework.boot.test.autoconfigure.web.client.MockRestServiceServerResetTestExecutionListener, org.springframework.boot.test.autoconfigure.web.servlet.MockMvcPrintOnlyOnFailureTestExecutionListener, org.springframework.boot.test.autoconfigure.web.servlet.WebDriverTestExecutionListener, org.springframework.boot.test.autoconfigure.webservices.client.MockWebServiceServerTestExecutionListener, org.springframework.test.context.web.ServletTestExecutionListener, org.springframework.test.context.support.DirtiesContextBeforeModesTestExecutionListener, org.springframework.test.context.event.ApplicationEventsTestExecutionListener, org.springframework.test.context.support.DependencyInjectionTestExecutionListener, org.springframework.test.context.support.DirtiesContextTestExecutionListener, org.springframework.test.context.transaction.TransactionalTestExecutionListener, org.springframework.test.context.jdbc.SqlScriptsTestExecutionListener, org.springframework.test.context.event.EventPublishingTestExecutionListener]
2023-05-18 20:34:08.521 [main] INFO  o.s.b.t.context.SpringBootTestContextBootstrapper - Using TestExecutionListeners: [org.springframework.test.context.web.ServletTestExecutionListener@1cf56a1c, org.springframework.test.context.support.DirtiesContextBeforeModesTestExecutionListener@33f676f6, org.springframework.test.context.event.ApplicationEventsTestExecutionListener@4c5ae43b, org.springframework.boot.test.mock.mockito.MockitoTestExecutionListener@264f218, org.springframework.boot.test.autoconfigure.SpringBootDependencyInjectionTestExecutionListener@3576ddc2, org.springframework.test.context.support.DirtiesContextTestExecutionListener@35b74c5c, org.springframework.test.context.transaction.TransactionalTestExecutionListener@2e570ded, org.springframework.test.context.jdbc.SqlScriptsTestExecutionListener@b86de0d, org.springframework.test.context.event.EventPublishingTestExecutionListener@81d9a72, org.springframework.boot.test.mock.mockito.ResetMocksTestExecutionListener@747f281, org.springframework.boot.test.autoconfigure.restdocs.RestDocsTestExecutionListener@1169afe1, org.springframework.boot.test.autoconfigure.web.client.MockRestServiceServerResetTestExecutionListener@2ca26d77, org.springframework.boot.test.autoconfigure.web.servlet.MockMvcPrintOnlyOnFailureTestExecutionListener@4808bc9b, org.springframework.boot.test.autoconfigure.web.servlet.WebDriverTestExecutionListener@70e38ce1, org.springframework.boot.test.autoconfigure.webservices.client.MockWebServiceServerTestExecutionListener@2ca923bb]
2023-05-18 20:34:08.841 [main] INFO  edu.nuist.dao.DaoTest - Starting DaoTest using Java 1.8.0_311 on DESKTOP-MM7P5T2 with PID 19832 (started by luwen in D:\Projects\ActualProjects\experiment_ai-master\experiment-back\experiment-web)
2023-05-18 20:34:08.841 [main] INFO  edu.nuist.dao.DaoTest - The following profiles are active: dao
2023-05-18 20:34:11.252 [main] INFO  s.d.s.w.PropertySourcedRequestMappingHandlerMapping - Mapped URL path [/v2/api-docs] onto method [springfox.documentation.swagger2.web.Swagger2Controller#getDocumentation(String, HttpServletRequest)]
2023-05-18 20:34:11.532 [main] INFO  o.s.scheduling.concurrent.ThreadPoolTaskExecutor - Initializing ExecutorService 'applicationTaskExecutor'
2023-05-18 20:34:11.949 [main] INFO  s.d.s.web.plugins.DocumentationPluginsBootstrapper - Context refreshed
2023-05-18 20:34:11.974 [main] INFO  s.d.s.web.plugins.DocumentationPluginsBootstrapper - Found 1 custom documentation plugin(s)
2023-05-18 20:34:12.007 [main] INFO  s.d.spring.web.scanners.ApiListingReferenceScanner - Scanning for api listing references
2023-05-18 20:34:12.343 [main] INFO  s.d.s.w.r.operation.CachingOperationNameGenerator - Generating unique operation named: getAllLessonsUsingPOST_1
2023-05-18 20:34:12.398 [main] INFO  edu.nuist.dao.DaoTest - Started DaoTest in 3.826 seconds (JVM running for 5.095)
2023-05-18 20:34:12.613 [main] INFO  com.zaxxer.hikari.HikariDataSource - HikariPool-1 - Starting...
2023-05-18 20:34:12.820 [main] INFO  com.zaxxer.hikari.HikariDataSource - HikariPool-1 - Start completed.
2023-05-18 20:34:12.922 [SpringContextShutdownHook] INFO  o.s.scheduling.concurrent.ThreadPoolTaskExecutor - Shutting down ExecutorService 'applicationTaskExecutor'
2023-05-18 20:34:12.926 [SpringContextShutdownHook] INFO  com.zaxxer.hikari.HikariDataSource - HikariPool-1 - Shutdown initiated...
2023-05-18 20:34:12.933 [SpringContextShutdownHook] INFO  com.zaxxer.hikari.HikariDataSource - HikariPool-1 - Shutdown completed.
2023-05-18 20:34:38.754 [main] INFO  o.s.b.t.context.SpringBootTestContextBootstrapper - Neither @ContextConfiguration nor @ContextHierarchy found for test class [edu.nuist.dao.DaoTest], using SpringBootContextLoader
2023-05-18 20:34:38.760 [main] INFO  o.s.test.context.support.AbstractContextLoader - Could not detect default resource locations for test class [edu.nuist.dao.DaoTest]: no resource found for suffixes {-context.xml, Context.groovy}.
2023-05-18 20:34:38.760 [main] INFO  o.s.t.c.support.AnnotationConfigContextLoaderUtils - Could not detect default configuration classes for test class [edu.nuist.dao.DaoTest]: DaoTest does not declare any static, non-private, non-final, nested classes annotated with @Configuration.
2023-05-18 20:34:38.913 [main] INFO  o.s.b.t.context.SpringBootTestContextBootstrapper - Found @SpringBootConfiguration edu.nuist.ExperimentWebApplication for test class edu.nuist.dao.DaoTest
2023-05-18 20:34:39.022 [main] INFO  o.s.b.t.context.SpringBootTestContextBootstrapper - Loaded default TestExecutionListener class names from location [META-INF/spring.factories]: [org.springframework.boot.test.mock.mockito.MockitoTestExecutionListener, org.springframework.boot.test.mock.mockito.ResetMocksTestExecutionListener, org.springframework.boot.test.autoconfigure.restdocs.RestDocsTestExecutionListener, org.springframework.boot.test.autoconfigure.web.client.MockRestServiceServerResetTestExecutionListener, org.springframework.boot.test.autoconfigure.web.servlet.MockMvcPrintOnlyOnFailureTestExecutionListener, org.springframework.boot.test.autoconfigure.web.servlet.WebDriverTestExecutionListener, org.springframework.boot.test.autoconfigure.webservices.client.MockWebServiceServerTestExecutionListener, org.springframework.test.context.web.ServletTestExecutionListener, org.springframework.test.context.support.DirtiesContextBeforeModesTestExecutionListener, org.springframework.test.context.event.ApplicationEventsTestExecutionListener, org.springframework.test.context.support.DependencyInjectionTestExecutionListener, org.springframework.test.context.support.DirtiesContextTestExecutionListener, org.springframework.test.context.transaction.TransactionalTestExecutionListener, org.springframework.test.context.jdbc.SqlScriptsTestExecutionListener, org.springframework.test.context.event.EventPublishingTestExecutionListener]
2023-05-18 20:34:39.039 [main] INFO  o.s.b.t.context.SpringBootTestContextBootstrapper - Using TestExecutionListeners: [org.springframework.test.context.web.ServletTestExecutionListener@1cf56a1c, org.springframework.test.context.support.DirtiesContextBeforeModesTestExecutionListener@33f676f6, org.springframework.test.context.event.ApplicationEventsTestExecutionListener@4c5ae43b, org.springframework.boot.test.mock.mockito.MockitoTestExecutionListener@264f218, org.springframework.boot.test.autoconfigure.SpringBootDependencyInjectionTestExecutionListener@3576ddc2, org.springframework.test.context.support.DirtiesContextTestExecutionListener@35b74c5c, org.springframework.test.context.transaction.TransactionalTestExecutionListener@2e570ded, org.springframework.test.context.jdbc.SqlScriptsTestExecutionListener@b86de0d, org.springframework.test.context.event.EventPublishingTestExecutionListener@81d9a72, org.springframework.boot.test.mock.mockito.ResetMocksTestExecutionListener@747f281, org.springframework.boot.test.autoconfigure.restdocs.RestDocsTestExecutionListener@1169afe1, org.springframework.boot.test.autoconfigure.web.client.MockRestServiceServerResetTestExecutionListener@2ca26d77, org.springframework.boot.test.autoconfigure.web.servlet.MockMvcPrintOnlyOnFailureTestExecutionListener@4808bc9b, org.springframework.boot.test.autoconfigure.web.servlet.WebDriverTestExecutionListener@70e38ce1, org.springframework.boot.test.autoconfigure.webservices.client.MockWebServiceServerTestExecutionListener@2ca923bb]
2023-05-18 20:34:39.383 [main] INFO  edu.nuist.dao.DaoTest - Starting DaoTest using Java 1.8.0_311 on DESKTOP-MM7P5T2 with PID 17036 (started by luwen in D:\Projects\ActualProjects\experiment_ai-master\experiment-back\experiment-web)
2023-05-18 20:34:39.383 [main] INFO  edu.nuist.dao.DaoTest - The following profiles are active: dao
2023-05-18 20:34:41.412 [main] INFO  s.d.s.w.PropertySourcedRequestMappingHandlerMapping - Mapped URL path [/v2/api-docs] onto method [springfox.documentation.swagger2.web.Swagger2Controller#getDocumentation(String, HttpServletRequest)]
2023-05-18 20:34:41.687 [main] INFO  o.s.scheduling.concurrent.ThreadPoolTaskExecutor - Initializing ExecutorService 'applicationTaskExecutor'
2023-05-18 20:34:42.052 [main] INFO  s.d.s.web.plugins.DocumentationPluginsBootstrapper - Context refreshed
2023-05-18 20:34:42.074 [main] INFO  s.d.s.web.plugins.DocumentationPluginsBootstrapper - Found 1 custom documentation plugin(s)
2023-05-18 20:34:42.108 [main] INFO  s.d.spring.web.scanners.ApiListingReferenceScanner - Scanning for api listing references
2023-05-18 20:34:42.378 [main] INFO  s.d.s.w.r.operation.CachingOperationNameGenerator - Generating unique operation named: getAllLessonsUsingPOST_1
2023-05-18 20:34:42.431 [main] INFO  edu.nuist.dao.DaoTest - Started DaoTest in 3.355 seconds (JVM running for 4.378)
2023-05-18 20:34:42.608 [main] INFO  com.zaxxer.hikari.HikariDataSource - HikariPool-1 - Starting...
2023-05-18 20:34:42.825 [main] INFO  com.zaxxer.hikari.HikariDataSource - HikariPool-1 - Start completed.
2023-05-18 20:34:42.890 [SpringContextShutdownHook] INFO  o.s.scheduling.concurrent.ThreadPoolTaskExecutor - Shutting down ExecutorService 'applicationTaskExecutor'
2023-05-18 20:34:42.894 [SpringContextShutdownHook] INFO  com.zaxxer.hikari.HikariDataSource - HikariPool-1 - Shutdown initiated...
2023-05-18 20:34:42.902 [SpringContextShutdownHook] INFO  com.zaxxer.hikari.HikariDataSource - HikariPool-1 - Shutdown completed.
2023-05-18 20:53:36.028 [main] INFO  o.s.b.t.context.SpringBootTestContextBootstrapper - Neither @ContextConfiguration nor @ContextHierarchy found for test class [edu.nuist.dao.DaoTest], using SpringBootContextLoader
2023-05-18 20:53:36.044 [main] INFO  o.s.test.context.support.AbstractContextLoader - Could not detect default resource locations for test class [edu.nuist.dao.DaoTest]: no resource found for suffixes {-context.xml, Context.groovy}.
2023-05-18 20:53:36.045 [main] INFO  o.s.t.c.support.AnnotationConfigContextLoaderUtils - Could not detect default configuration classes for test class [edu.nuist.dao.DaoTest]: DaoTest does not declare any static, non-private, non-final, nested classes annotated with @Configuration.
2023-05-18 20:53:36.196 [main] INFO  o.s.b.t.context.SpringBootTestContextBootstrapper - Found @SpringBootConfiguration edu.nuist.ExperimentWebApplication for test class edu.nuist.dao.DaoTest
2023-05-18 20:53:36.297 [main] INFO  o.s.b.t.context.SpringBootTestContextBootstrapper - Loaded default TestExecutionListener class names from location [META-INF/spring.factories]: [org.springframework.boot.test.mock.mockito.MockitoTestExecutionListener, org.springframework.boot.test.mock.mockito.ResetMocksTestExecutionListener, org.springframework.boot.test.autoconfigure.restdocs.RestDocsTestExecutionListener, org.springframework.boot.test.autoconfigure.web.client.MockRestServiceServerResetTestExecutionListener, org.springframework.boot.test.autoconfigure.web.servlet.MockMvcPrintOnlyOnFailureTestExecutionListener, org.springframework.boot.test.autoconfigure.web.servlet.WebDriverTestExecutionListener, org.springframework.boot.test.autoconfigure.webservices.client.MockWebServiceServerTestExecutionListener, org.springframework.test.context.web.ServletTestExecutionListener, org.springframework.test.context.support.DirtiesContextBeforeModesTestExecutionListener, org.springframework.test.context.event.ApplicationEventsTestExecutionListener, org.springframework.test.context.support.DependencyInjectionTestExecutionListener, org.springframework.test.context.support.DirtiesContextTestExecutionListener, org.springframework.test.context.transaction.TransactionalTestExecutionListener, org.springframework.test.context.jdbc.SqlScriptsTestExecutionListener, org.springframework.test.context.event.EventPublishingTestExecutionListener]
2023-05-18 20:53:36.314 [main] INFO  o.s.b.t.context.SpringBootTestContextBootstrapper - Using TestExecutionListeners: [org.springframework.test.context.web.ServletTestExecutionListener@1cf56a1c, org.springframework.test.context.support.DirtiesContextBeforeModesTestExecutionListener@33f676f6, org.springframework.test.context.event.ApplicationEventsTestExecutionListener@4c5ae43b, org.springframework.boot.test.mock.mockito.MockitoTestExecutionListener@264f218, org.springframework.boot.test.autoconfigure.SpringBootDependencyInjectionTestExecutionListener@3576ddc2, org.springframework.test.context.support.DirtiesContextTestExecutionListener@35b74c5c, org.springframework.test.context.transaction.TransactionalTestExecutionListener@2e570ded, org.springframework.test.context.jdbc.SqlScriptsTestExecutionListener@b86de0d, org.springframework.test.context.event.EventPublishingTestExecutionListener@81d9a72, org.springframework.boot.test.mock.mockito.ResetMocksTestExecutionListener@747f281, org.springframework.boot.test.autoconfigure.restdocs.RestDocsTestExecutionListener@1169afe1, org.springframework.boot.test.autoconfigure.web.client.MockRestServiceServerResetTestExecutionListener@2ca26d77, org.springframework.boot.test.autoconfigure.web.servlet.MockMvcPrintOnlyOnFailureTestExecutionListener@4808bc9b, org.springframework.boot.test.autoconfigure.web.servlet.WebDriverTestExecutionListener@70e38ce1, org.springframework.boot.test.autoconfigure.webservices.client.MockWebServiceServerTestExecutionListener@2ca923bb]
2023-05-18 20:53:36.581 [main] INFO  edu.nuist.dao.DaoTest - Starting DaoTest using Java 1.8.0_311 on DESKTOP-MM7P5T2 with PID 14552 (started by luwen in D:\Projects\ActualProjects\experiment_ai-master\experiment-back\experiment-web)
2023-05-18 20:53:36.581 [main] INFO  edu.nuist.dao.DaoTest - The following profiles are active: dao
2023-05-18 20:53:38.659 [main] INFO  s.d.s.w.PropertySourcedRequestMappingHandlerMapping - Mapped URL path [/v2/api-docs] onto method [springfox.documentation.swagger2.web.Swagger2Controller#getDocumentation(String, HttpServletRequest)]
2023-05-18 20:53:38.909 [main] INFO  o.s.scheduling.concurrent.ThreadPoolTaskExecutor - Initializing ExecutorService 'applicationTaskExecutor'
2023-05-18 20:53:39.425 [main] INFO  s.d.s.web.plugins.DocumentationPluginsBootstrapper - Context refreshed
2023-05-18 20:53:39.458 [main] INFO  s.d.s.web.plugins.DocumentationPluginsBootstrapper - Found 1 custom documentation plugin(s)
2023-05-18 20:53:39.494 [main] INFO  s.d.spring.web.scanners.ApiListingReferenceScanner - Scanning for api listing references
2023-05-18 20:53:39.800 [main] INFO  s.d.s.w.r.operation.CachingOperationNameGenerator - Generating unique operation named: getAllLessonsUsingPOST_1
2023-05-18 20:53:39.859 [main] INFO  edu.nuist.dao.DaoTest - Started DaoTest in 3.512 seconds (JVM running for 4.61)
2023-05-18 20:53:40.072 [main] INFO  com.zaxxer.hikari.HikariDataSource - HikariPool-1 - Starting...
2023-05-18 20:53:40.320 [main] INFO  com.zaxxer.hikari.HikariDataSource - HikariPool-1 - Start completed.
2023-05-18 20:53:40.425 [SpringContextShutdownHook] INFO  o.s.scheduling.concurrent.ThreadPoolTaskExecutor - Shutting down ExecutorService 'applicationTaskExecutor'
2023-05-18 20:53:40.430 [SpringContextShutdownHook] INFO  com.zaxxer.hikari.HikariDataSource - HikariPool-1 - Shutdown initiated...
2023-05-18 20:53:40.440 [SpringContextShutdownHook] INFO  com.zaxxer.hikari.HikariDataSource - HikariPool-1 - Shutdown completed.
2023-05-18 20:55:53.666 [main] INFO  o.s.b.t.context.SpringBootTestContextBootstrapper - Neither @ContextConfiguration nor @ContextHierarchy found for test class [edu.nuist.dao.DaoTest], using SpringBootContextLoader
2023-05-18 20:55:53.673 [main] INFO  o.s.test.context.support.AbstractContextLoader - Could not detect default resource locations for test class [edu.nuist.dao.DaoTest]: no resource found for suffixes {-context.xml, Context.groovy}.
2023-05-18 20:55:53.674 [main] INFO  o.s.t.c.support.AnnotationConfigContextLoaderUtils - Could not detect default configuration classes for test class [edu.nuist.dao.DaoTest]: DaoTest does not declare any static, non-private, non-final, nested classes annotated with @Configuration.
2023-05-18 20:55:53.824 [main] INFO  o.s.b.t.context.SpringBootTestContextBootstrapper - Found @SpringBootConfiguration edu.nuist.ExperimentWebApplication for test class edu.nuist.dao.DaoTest
2023-05-18 20:55:53.919 [main] INFO  o.s.b.t.context.SpringBootTestContextBootstrapper - Loaded default TestExecutionListener class names from location [META-INF/spring.factories]: [org.springframework.boot.test.mock.mockito.MockitoTestExecutionListener, org.springframework.boot.test.mock.mockito.ResetMocksTestExecutionListener, org.springframework.boot.test.autoconfigure.restdocs.RestDocsTestExecutionListener, org.springframework.boot.test.autoconfigure.web.client.MockRestServiceServerResetTestExecutionListener, org.springframework.boot.test.autoconfigure.web.servlet.MockMvcPrintOnlyOnFailureTestExecutionListener, org.springframework.boot.test.autoconfigure.web.servlet.WebDriverTestExecutionListener, org.springframework.boot.test.autoconfigure.webservices.client.MockWebServiceServerTestExecutionListener, org.springframework.test.context.web.ServletTestExecutionListener, org.springframework.test.context.support.DirtiesContextBeforeModesTestExecutionListener, org.springframework.test.context.event.ApplicationEventsTestExecutionListener, org.springframework.test.context.support.DependencyInjectionTestExecutionListener, org.springframework.test.context.support.DirtiesContextTestExecutionListener, org.springframework.test.context.transaction.TransactionalTestExecutionListener, org.springframework.test.context.jdbc.SqlScriptsTestExecutionListener, org.springframework.test.context.event.EventPublishingTestExecutionListener]
2023-05-18 20:55:53.934 [main] INFO  o.s.b.t.context.SpringBootTestContextBootstrapper - Using TestExecutionListeners: [org.springframework.test.context.web.ServletTestExecutionListener@1cf56a1c, org.springframework.test.context.support.DirtiesContextBeforeModesTestExecutionListener@33f676f6, org.springframework.test.context.event.ApplicationEventsTestExecutionListener@4c5ae43b, org.springframework.boot.test.mock.mockito.MockitoTestExecutionListener@264f218, org.springframework.boot.test.autoconfigure.SpringBootDependencyInjectionTestExecutionListener@3576ddc2, org.springframework.test.context.support.DirtiesContextTestExecutionListener@35b74c5c, org.springframework.test.context.transaction.TransactionalTestExecutionListener@2e570ded, org.springframework.test.context.jdbc.SqlScriptsTestExecutionListener@b86de0d, org.springframework.test.context.event.EventPublishingTestExecutionListener@81d9a72, org.springframework.boot.test.mock.mockito.ResetMocksTestExecutionListener@747f281, org.springframework.boot.test.autoconfigure.restdocs.RestDocsTestExecutionListener@1169afe1, org.springframework.boot.test.autoconfigure.web.client.MockRestServiceServerResetTestExecutionListener@2ca26d77, org.springframework.boot.test.autoconfigure.web.servlet.MockMvcPrintOnlyOnFailureTestExecutionListener@4808bc9b, org.springframework.boot.test.autoconfigure.web.servlet.WebDriverTestExecutionListener@70e38ce1, org.springframework.boot.test.autoconfigure.webservices.client.MockWebServiceServerTestExecutionListener@2ca923bb]
2023-05-18 20:55:54.215 [main] INFO  edu.nuist.dao.DaoTest - Starting DaoTest using Java 1.8.0_311 on DESKTOP-MM7P5T2 with PID 24440 (started by luwen in D:\Projects\ActualProjects\experiment_ai-master\experiment-back\experiment-web)
2023-05-18 20:55:54.215 [main] INFO  edu.nuist.dao.DaoTest - The following profiles are active: dao
2023-05-18 20:55:56.146 [main] INFO  s.d.s.w.PropertySourcedRequestMappingHandlerMapping - Mapped URL path [/v2/api-docs] onto method [springfox.documentation.swagger2.web.Swagger2Controller#getDocumentation(String, HttpServletRequest)]
2023-05-18 20:55:56.369 [main] INFO  o.s.scheduling.concurrent.ThreadPoolTaskExecutor - Initializing ExecutorService 'applicationTaskExecutor'
2023-05-18 20:55:56.730 [main] INFO  s.d.s.web.plugins.DocumentationPluginsBootstrapper - Context refreshed
2023-05-18 20:55:56.753 [main] INFO  s.d.s.web.plugins.DocumentationPluginsBootstrapper - Found 1 custom documentation plugin(s)
2023-05-18 20:55:56.786 [main] INFO  s.d.spring.web.scanners.ApiListingReferenceScanner - Scanning for api listing references
2023-05-18 20:55:57.065 [main] INFO  s.d.s.w.r.operation.CachingOperationNameGenerator - Generating unique operation named: getAllLessonsUsingPOST_1
2023-05-18 20:55:57.115 [main] INFO  edu.nuist.dao.DaoTest - Started DaoTest in 3.144 seconds (JVM running for 4.13)
2023-05-18 20:55:57.292 [main] INFO  com.zaxxer.hikari.HikariDataSource - HikariPool-1 - Starting...
2023-05-18 20:55:57.491 [main] INFO  com.zaxxer.hikari.HikariDataSource - HikariPool-1 - Start completed.
2023-05-18 20:55:57.556 [SpringContextShutdownHook] INFO  o.s.scheduling.concurrent.ThreadPoolTaskExecutor - Shutting down ExecutorService 'applicationTaskExecutor'
2023-05-18 20:55:57.559 [SpringContextShutdownHook] INFO  com.zaxxer.hikari.HikariDataSource - HikariPool-1 - Shutdown initiated...
2023-05-18 20:55:57.568 [SpringContextShutdownHook] INFO  com.zaxxer.hikari.HikariDataSource - HikariPool-1 - Shutdown completed.
